2025-03-27 11:50:11 [INFO]: Server running on http://localhost:3020
2025-03-27 11:51:11 [INFO]: Server running on http://localhost:3020
2025-03-27 11:52:11 [INFO]: Checking transactions for 2025-03-27
2025-03-27 11:52:11 [INFO]: Fetching transactions for date: 2025-03-27
2025-03-27 11:52:13 [INFO]: New day detected, fetching holiday data...
2025-03-27 11:52:14 [INFO]: Fetched holidays for LK on 2025-03-27
2025-03-27 11:52:14 [INFO]: Fetched holidays for MV on 2025-03-27
2025-03-27 11:53:11 [INFO]: Checking transactions for 2025-03-27
2025-03-27 11:53:11 [INFO]: Fetching transactions for date: 2025-03-27
2025-03-27 11:54:11 [INFO]: Checking transactions for 2025-03-27
2025-03-27 11:54:11 [INFO]: Fetching transactions for date: 2025-03-27
2025-03-27 11:55:11 [INFO]: Checking transactions for 2025-03-27
2025-03-27 11:55:11 [INFO]: Fetching transactions for date: 2025-03-27
2025-03-27 11:56:11 [INFO]: Checking transactions for 2025-03-27
2025-03-27 11:56:11 [INFO]: Fetching transactions for date: 2025-03-27
2025-03-27 11:57:11 [INFO]: Checking transactions for 2025-03-27
2025-03-27 11:57:11 [INFO]: Fetching transactions for date: 2025-03-27
2025-03-27 11:58:11 [INFO]: Checking transactions for 2025-03-27
2025-03-27 11:58:11 [INFO]: Fetching transactions for date: 2025-03-27
2025-03-27 11:59:11 [INFO]: Checking transactions for 2025-03-27
2025-03-27 11:59:11 [INFO]: Fetching transactions for date: 2025-03-27
2025-03-27 12:00:11 [INFO]: Checking transactions for 2025-03-27
2025-03-27 12:00:11 [INFO]: Fetching transactions for date: 2025-03-27
2025-03-27 12:01:11 [INFO]: Checking transactions for 2025-03-27
2025-03-27 12:01:11 [INFO]: Fetching transactions for date: 2025-03-27
2025-03-27 12:02:11 [INFO]: Checking transactions for 2025-03-27
2025-03-27 12:02:11 [INFO]: Fetching transactions for date: 2025-03-27
2025-03-27 12:03:11 [INFO]: Checking transactions for 2025-03-27
2025-03-27 12:03:11 [INFO]: Fetching transactions for date: 2025-03-27
2025-03-27 12:04:11 [INFO]: Checking transactions for 2025-03-27
2025-03-27 12:04:11 [INFO]: Fetching transactions for date: 2025-03-27
2025-03-27 12:05:11 [INFO]: Checking transactions for 2025-03-27
2025-03-27 12:05:11 [INFO]: Fetching transactions for date: 2025-03-27
2025-03-27 12:06:11 [INFO]: Checking transactions for 2025-03-27
2025-03-27 12:06:11 [INFO]: Fetching transactions for date: 2025-03-27
2025-03-27 12:07:11 [INFO]: Checking transactions for 2025-03-27
2025-03-27 12:07:11 [INFO]: Fetching transactions for date: 2025-03-27
2025-03-27 12:08:11 [INFO]: Checking transactions for 2025-03-27
2025-03-27 12:08:11 [INFO]: Fetching transactions for date: 2025-03-27
2025-03-27 12:09:11 [INFO]: Checking transactions for 2025-03-27
2025-03-27 12:09:11 [INFO]: Fetching transactions for date: 2025-03-27
2025-03-27 12:10:11 [INFO]: Checking transactions for 2025-03-27
2025-03-27 12:10:11 [INFO]: Fetching transactions for date: 2025-03-27
2025-03-27 12:11:11 [INFO]: Checking transactions for 2025-03-27
2025-03-27 12:11:11 [INFO]: Fetching transactions for date: 2025-03-27
2025-03-27 12:12:11 [INFO]: Checking transactions for 2025-03-27
2025-03-27 12:12:11 [INFO]: Fetching transactions for date: 2025-03-27
2025-03-27 12:13:02 [INFO]: Server running on http://localhost:3020
2025-03-27 12:14:02 [INFO]: Checking transactions for 2025-03-27
2025-03-27 12:14:03 [INFO]: Fetching transactions for date: 2025-03-27
2025-03-27 12:14:06 [INFO]: New day detected, fetching holiday data...
2025-03-27 12:14:06 [INFO]: Fetched holidays for LK on 2025-03-27
2025-03-27 12:14:06 [INFO]: Fetched holidays for MV on 2025-03-27
2025-03-27 12:15:02 [INFO]: Checking transactions for 2025-03-27
2025-03-27 12:15:02 [INFO]: Fetching transactions for date: 2025-03-27
2025-03-27 12:25:52 [INFO]: Server running on http://localhost:3020
2025-03-27 12:26:52 [INFO]: Checking transactions for 2025-03-27
2025-03-27 12:26:52 [INFO]: Fetching transactions for date: 2025-03-27
2025-03-27 12:26:54 [INFO]: New day detected, fetching holiday data...
2025-03-27 12:26:54 [INFO]: Fetched holidays for LK on 2025-03-27
2025-03-27 12:26:54 [INFO]: Fetched holidays for MV on 2025-03-27
2025-03-27 12:27:52 [INFO]: Checking transactions for 2025-03-27
2025-03-27 12:27:52 [INFO]: Fetching transactions for date: 2025-03-27
2025-03-27 12:28:52 [INFO]: Checking transactions for 2025-03-27
2025-03-27 12:28:52 [INFO]: Fetching transactions for date: 2025-03-27
2025-03-27 12:29:52 [INFO]: Checking transactions for 2025-03-27
2025-03-27 12:29:52 [INFO]: Fetching transactions for date: 2025-03-27
2025-03-27 12:30:52 [INFO]: Checking transactions for 2025-03-27
2025-03-27 12:30:52 [INFO]: Fetching transactions for date: 2025-03-27
2025-03-27 12:31:27 [INFO]: Server running on http://localhost:3020
2025-03-27 12:32:27 [INFO]: Checking transactions for 2025-03-27
2025-03-27 12:32:27 [INFO]: Fetching transactions for date: 2025-03-27
2025-03-27 12:32:28 [INFO]: New day detected, fetching holiday data...
2025-03-27 12:32:28 [INFO]: Fetched holidays for LK on 2025-03-27
2025-03-27 12:32:28 [INFO]: Fetched holidays for MV on 2025-03-27
2025-03-27 12:33:27 [INFO]: Checking transactions for 2025-03-27
2025-03-27 12:33:27 [INFO]: Fetching transactions for date: 2025-03-27
2025-03-27 12:34:27 [INFO]: Checking transactions for 2025-03-27
2025-03-27 12:34:27 [INFO]: Fetching transactions for date: 2025-03-27
2025-03-27 12:35:27 [INFO]: Checking transactions for 2025-03-27
2025-03-27 12:35:27 [INFO]: Fetching transactions for date: 2025-03-27
2025-03-27 12:36:27 [INFO]: Checking transactions for 2025-03-27
2025-03-27 12:36:27 [INFO]: Fetching transactions for date: 2025-03-27
2025-03-27 12:37:27 [INFO]: Checking transactions for 2025-03-27
2025-03-27 12:37:27 [INFO]: Fetching transactions for date: 2025-03-27
2025-03-27 12:38:27 [INFO]: Checking transactions for 2025-03-27
2025-03-27 12:38:27 [INFO]: Fetching transactions for date: 2025-03-27
2025-03-27 12:39:27 [INFO]: Checking transactions for 2025-03-27
2025-03-27 12:39:27 [INFO]: Fetching transactions for date: 2025-03-27
