2025-03-01T14:26:52.389Z info: Server running on http://localhost:3020
2025-03-01T14:27:52.402Z info: Checking transactions for 2025-03-01
2025-03-01T14:27:52.419Z info: Fetching transactions for date: 2025-03-01
2025-03-01T14:27:55.335Z info: Fetched transactions for 2025-03-01: undefined transactions
2025-03-01T14:27:55.346Z info: New day detected, fetching holiday data...
2025-03-01T14:27:56.429Z info: Fetched holidays for LK on 2025-03-01
2025-03-01T14:27:56.777Z info: Fetched holidays for MV on 2025-03-01
2025-03-01T14:28:52.410Z info: Checking transactions for 2025-03-01
2025-03-01T14:28:52.418Z info: Fetching transactions for date: 2025-03-01
2025-03-01T14:28:55.280Z info: Fetched transactions for 2025-03-01: undefined transactions
2025-03-01T14:28:55.281Z info: Holiday check for 2025-03-01: Sri Lanka holiday = false, Maldives holiday = true
2025-03-01T14:28:55.281Z info: System holiday on 2025-03-01 due to Maldives holiday.
2025-03-01T14:28:55.282Z info: Holiday check for 2025-03-02: Sri Lanka holiday = false, Maldives holiday = false
2025-03-01T14:28:55.282Z info: No system holiday on 2025-03-02
2025-03-01T14:28:57.645Z error: Error Transaction Detected: Customer number does not exist. Details:
                    TransCode: WT5H2Z78,
                    BankCode: HSBC,
                    BranchCode: 7092001,
                    CustAcc: 610000,
                    C_OR_D: C,
                    BankTransRef: 7897842505,
                    BankDate: 2025-03-01,
                    Amount: 2316564.35
2025-03-01T14:28:58.012Z info: Error Transaction Successfully Inserted into TRANSACTION_ERROR_TMP:
                    TransCode: WT5H2Z78,
                    ErrorDescCode: CUSER
2025-03-01T14:28:58.381Z error: Error Transaction Detected: Customer number does not exist. Details:
                    TransCode: DIUXO0P3,
                    BankCode: HSBC,
                    BranchCode: 7092001,
                    CustAcc: 610001,
                    C_OR_D: C,
                    BankTransRef: 4568899880,
                    BankDate: 2025-03-01,
                    Amount: 2316565.23
2025-03-01T14:28:58.746Z info: Error Transaction Successfully Inserted into TRANSACTION_ERROR_TMP:
                    TransCode: DIUXO0P3,
                    ErrorDescCode: CUSER
2025-03-01T14:28:59.102Z error: Error Transaction Detected: Customer number does not exist. Details:
                    TransCode: M7DBCZ5K,
                    BankCode: HSBC,
                    BranchCode: 7092001,
                    CustAcc: 610002,
                    C_OR_D: C,
                    BankTransRef: 523478896,
                    BankDate: 2025-03-01,
                    Amount: 25565459.12
2025-03-01T14:28:59.470Z info: Error Transaction Successfully Inserted into TRANSACTION_ERROR_TMP:
                    TransCode: M7DBCZ5K,
                    ErrorDescCode: CUSER
2025-03-01T14:28:59.477Z info: Transactions for 2025-03-01: 3 transactions
2025-03-01T14:29:52.415Z info: Checking transactions for 2025-03-01
2025-03-01T14:29:52.423Z info: Fetching transactions for date: 2025-03-01
2025-03-01T14:29:55.803Z info: Fetched transactions for 2025-03-01: undefined transactions
2025-03-01T14:29:55.806Z info: Holiday check for 2025-03-01: Sri Lanka holiday = false, Maldives holiday = true
2025-03-01T14:29:55.807Z info: System holiday on 2025-03-01 due to Maldives holiday.
2025-03-01T14:29:55.808Z info: Holiday check for 2025-03-02: Sri Lanka holiday = false, Maldives holiday = false
2025-03-01T14:29:55.809Z info: No system holiday on 2025-03-02
2025-03-01T14:29:56.884Z error: Error Transaction Detected: Customer number does not exist. Details:
                    TransCode: GOIEM61P,
                    BankCode: HSBC,
                    BranchCode: 7092001,
                    CustAcc: 610000,
                    C_OR_D: C,
                    BankTransRef: 7897842505,
                    BankDate: 2025-03-01,
                    Amount: 2316564.35
2025-03-01T14:29:57.281Z info: Error Transaction Successfully Inserted into TRANSACTION_ERROR_TMP:
                    TransCode: GOIEM61P,
                    ErrorDescCode: CUSER
2025-03-01T14:29:57.640Z error: Error Transaction Detected: Customer number does not exist. Details:
                    TransCode: WFUREYW7,
                    BankCode: HSBC,
                    BranchCode: 7092001,
                    CustAcc: 610001,
                    C_OR_D: C,
                    BankTransRef: 4568899880,
                    BankDate: 2025-03-01,
                    Amount: 2316565.23
2025-03-01T14:29:58.023Z info: Error Transaction Successfully Inserted into TRANSACTION_ERROR_TMP:
                    TransCode: WFUREYW7,
                    ErrorDescCode: CUSER
2025-03-01T14:29:58.393Z error: Error Transaction Detected: Customer number does not exist. Details:
                    TransCode: 6GHLGSZ6,
                    BankCode: HSBC,
                    BranchCode: 7092001,
                    CustAcc: 610002,
                    C_OR_D: C,
                    BankTransRef: 523478896,
                    BankDate: 2025-03-01,
                    Amount: 25565459.12
2025-03-01T14:29:58.769Z info: Error Transaction Successfully Inserted into TRANSACTION_ERROR_TMP:
                    TransCode: 6GHLGSZ6,
                    ErrorDescCode: CUSER
2025-03-01T14:29:58.774Z info: Transactions for 2025-03-01: 3 transactions
2025-03-01T14:30:52.420Z info: Checking transactions for 2025-03-01
2025-03-01T14:30:52.429Z info: Fetching transactions for date: 2025-03-01
2025-03-01T14:30:55.931Z info: Fetched transactions for 2025-03-01: undefined transactions
2025-03-01T14:30:55.933Z info: Holiday check for 2025-03-01: Sri Lanka holiday = false, Maldives holiday = true
2025-03-01T14:30:55.933Z info: System holiday on 2025-03-01 due to Maldives holiday.
2025-03-01T14:30:55.935Z info: Holiday check for 2025-03-02: Sri Lanka holiday = false, Maldives holiday = false
2025-03-01T14:30:55.935Z info: No system holiday on 2025-03-02
2025-03-01T14:30:57.000Z error: Error Transaction Detected: Customer number does not exist. Details:
                    TransCode: PTZG1T7S,
                    BankCode: HSBC,
                    BranchCode: 7092001,
                    CustAcc: 610000,
                    C_OR_D: C,
                    BankTransRef: 7897842505,
                    BankDate: 2025-03-01,
                    Amount: 2316564.35
2025-03-01T14:30:57.402Z info: Error Transaction Successfully Inserted into TRANSACTION_ERROR_TMP:
                    TransCode: PTZG1T7S,
                    ErrorDescCode: CUSER
2025-03-01T14:30:57.745Z error: Error Transaction Detected: Customer number does not exist. Details:
                    TransCode: A62JCE0W,
                    BankCode: HSBC,
                    BranchCode: 7092001,
                    CustAcc: 610001,
                    C_OR_D: C,
                    BankTransRef: 4568899880,
                    BankDate: 2025-03-01,
                    Amount: 2316565.23
2025-03-01T14:30:58.132Z info: Error Transaction Successfully Inserted into TRANSACTION_ERROR_TMP:
                    TransCode: A62JCE0W,
                    ErrorDescCode: CUSER
2025-03-01T14:30:58.472Z error: Error Transaction Detected: Customer number does not exist. Details:
                    TransCode: IY7WM3ZR,
                    BankCode: HSBC,
                    BranchCode: 7092001,
                    CustAcc: 610002,
                    C_OR_D: C,
                    BankTransRef: 523478896,
                    BankDate: 2025-03-01,
                    Amount: 25565459.12
2025-03-01T14:30:58.841Z info: Error Transaction Successfully Inserted into TRANSACTION_ERROR_TMP:
                    TransCode: IY7WM3ZR,
                    ErrorDescCode: CUSER
2025-03-01T14:30:58.846Z info: Transactions for 2025-03-01: 3 transactions
