2024-12-08T18:30:02.080Z info: Fetched transactions for 2024-12-08: undefined transactions
2024-12-08T18:30:02.083Z info: Processing transaction R2YHG0F0 for 2024-12-08
2024-12-08T18:30:02.210Z info: Inserted transaction into Transactions_TMP for R2YHG0F0
2024-12-08T18:30:02.210Z info: Processing transaction GFQN3WD1 for 2024-12-08
2024-12-08T18:30:02.248Z info: Inserted transaction into Transactions_TMP for GFQN3WD1
2024-12-08T18:30:02.248Z info: Processing transaction IT4BJWOQ for 2024-12-08
2024-12-08T18:30:02.286Z info: Inserted transaction into Transactions_TMP for IT4BJWOQ
2024-12-08T18:30:02.286Z info: Processing transaction HDK30KVW for 2024-12-08
2024-12-08T18:30:02.325Z info: Inserted transaction into Transactions_TMP for HDK30KVW
2024-12-08T18:30:02.326Z info: Processing transaction 17OYFBA3 for 2024-12-08
2024-12-08T18:30:02.364Z info: Inserted transaction into Transactions_TMP for 17OYFBA3
2024-12-08T18:30:02.364Z info: Processing transaction 0GKN3A4M for 2024-12-08
2024-12-08T18:30:02.410Z info: Inserted transaction into Transactions_TMP for 0GKN3A4M
2024-12-08T18:30:02.411Z info: Processing transaction BNUQUET2 for 2024-12-08
2024-12-08T18:30:02.454Z info: Inserted transaction into Transactions_TMP for BNUQUET2
2024-12-08T18:30:02.455Z info: Processing transaction DIKW2WMW for 2024-12-08
2024-12-08T18:30:02.491Z info: Inserted transaction into Transactions_TMP for DIKW2WMW
2024-12-08T18:30:02.492Z info: Processing transaction KI447V59 for 2024-12-08
2024-12-08T18:30:02.527Z info: Inserted transaction into Transactions_TMP for KI447V59
2024-12-08T18:30:02.528Z info: Processing transaction FJOKRDJ5 for 2024-12-08
2024-12-08T18:30:02.567Z info: Inserted transaction into Transactions_TMP for FJOKRDJ5
2024-12-08T18:30:02.568Z info: Processing transaction ET1RZS7J for 2024-12-08
2024-12-08T18:30:02.605Z info: Inserted transaction into Transactions_TMP for ET1RZS7J
2024-12-08T18:30:02.605Z info: Processing transaction Y74CMW9F for 2024-12-08
2024-12-08T18:30:02.645Z info: Inserted transaction into Transactions_TMP for Y74CMW9F
2024-12-08T18:30:02.645Z info: Processing transaction LK24UE5M for 2024-12-08
2024-12-08T18:30:02.684Z info: Inserted transaction into Transactions_TMP for LK24UE5M
2024-12-08T18:30:02.685Z info: Processing transaction SPCUOUCP for 2024-12-08
2024-12-08T18:30:02.722Z info: Inserted transaction into Transactions_TMP for SPCUOUCP
2024-12-08T18:30:02.722Z info: Processing transaction EC4NBDVF for 2024-12-08
2024-12-08T18:30:02.758Z info: Inserted transaction into Transactions_TMP for EC4NBDVF
2024-12-08T18:30:02.759Z info: Processing transaction UMYUQICE for 2024-12-08
2024-12-08T18:30:02.799Z info: Inserted transaction into Transactions_TMP for UMYUQICE
2024-12-08T18:30:02.800Z info: Processing transaction A30M8KMW for 2024-12-08
2024-12-08T18:30:02.838Z info: Inserted transaction into Transactions_TMP for A30M8KMW
2024-12-08T18:30:02.838Z info: Processing transaction JWP708PZ for 2024-12-08
2024-12-08T18:30:02.883Z info: Inserted transaction into Transactions_TMP for JWP708PZ
2024-12-08T18:30:02.883Z info: Processing transaction 941BTYBP for 2024-12-08
2024-12-08T18:30:02.924Z info: Inserted transaction into Transactions_TMP for 941BTYBP
2024-12-08T18:30:02.935Z info: Transactions for 2024-12-08: 19 transactions
2024-12-08T18:30:02.936Z info: New day detected, fetching holiday data...
2024-12-08T18:30:03.522Z info: Fetched holidays for LK on 2024-12-09
2024-12-08T18:30:04.056Z info: Fetched holidays for MV on 2024-12-09
2024-12-08T18:30:59.848Z info: Checking transactions for 2024-12-09
2024-12-08T18:30:59.854Z info: Fetching transactions for date: 2024-12-09
2024-12-08T18:31:59.860Z info: Checking transactions for 2024-12-09
2024-12-08T18:31:59.864Z info: Fetching transactions for date: 2024-12-09
2024-12-08T18:32:59.870Z info: Checking transactions for 2024-12-09
2024-12-08T18:32:59.872Z info: Fetching transactions for date: 2024-12-09
2024-12-08T18:33:59.876Z info: Checking transactions for 2024-12-09
2024-12-08T18:33:59.884Z info: Fetching transactions for date: 2024-12-09
2024-12-08T18:34:59.883Z info: Checking transactions for 2024-12-09
2024-12-08T18:34:59.886Z info: Fetching transactions for date: 2024-12-09
2024-12-08T18:35:59.886Z info: Checking transactions for 2024-12-09
2024-12-08T18:35:59.895Z info: Fetching transactions for date: 2024-12-09
2024-12-08T18:36:59.887Z info: Checking transactions for 2024-12-09
2024-12-08T18:36:59.892Z info: Fetching transactions for date: 2024-12-09
2024-12-08T18:37:59.896Z info: Checking transactions for 2024-12-09
2024-12-08T18:37:59.898Z info: Fetching transactions for date: 2024-12-09
2024-12-08T18:38:59.905Z info: Checking transactions for 2024-12-09
2024-12-08T18:38:59.908Z info: Fetching transactions for date: 2024-12-09
2024-12-08T18:39:59.914Z info: Checking transactions for 2024-12-09
2024-12-08T18:39:59.916Z info: Fetching transactions for date: 2024-12-09
2024-12-08T18:40:59.920Z info: Checking transactions for 2024-12-09
2024-12-08T18:40:59.923Z info: Fetching transactions for date: 2024-12-09
2024-12-08T18:41:59.931Z info: Checking transactions for 2024-12-09
2024-12-08T18:41:59.937Z info: Fetching transactions for date: 2024-12-09
2024-12-08T18:42:59.939Z info: Checking transactions for 2024-12-09
2024-12-08T18:42:59.941Z info: Fetching transactions for date: 2024-12-09
2024-12-08T18:43:59.949Z info: Checking transactions for 2024-12-09
2024-12-08T18:43:59.954Z info: Fetching transactions for date: 2024-12-09
2024-12-08T18:44:59.949Z info: Checking transactions for 2024-12-09
2024-12-08T18:44:59.952Z info: Fetching transactions for date: 2024-12-09
2024-12-08T18:45:59.963Z info: Checking transactions for 2024-12-09
2024-12-08T18:45:59.967Z info: Fetching transactions for date: 2024-12-09
2024-12-08T18:46:59.964Z info: Checking transactions for 2024-12-09
2024-12-08T18:46:59.967Z info: Fetching transactions for date: 2024-12-09
2024-12-08T18:47:59.969Z info: Checking transactions for 2024-12-09
2024-12-08T18:47:59.976Z info: Fetching transactions for date: 2024-12-09
2024-12-08T18:48:59.979Z info: Checking transactions for 2024-12-09
2024-12-08T18:48:59.984Z info: Fetching transactions for date: 2024-12-09
2024-12-08T18:49:59.991Z info: Checking transactions for 2024-12-09
2024-12-08T18:49:59.997Z info: Fetching transactions for date: 2024-12-09
2024-12-08T18:50:59.999Z info: Checking transactions for 2024-12-09
2024-12-08T18:51:00.001Z info: Fetching transactions for date: 2024-12-09
2024-12-08T18:52:00.011Z info: Checking transactions for 2024-12-09
2024-12-08T18:52:00.017Z info: Fetching transactions for date: 2024-12-09
2024-12-08T18:53:00.010Z info: Checking transactions for 2024-12-09
2024-12-08T18:53:00.017Z info: Fetching transactions for date: 2024-12-09
2024-12-08T18:54:00.015Z info: Checking transactions for 2024-12-09
2024-12-08T18:54:00.025Z info: Fetching transactions for date: 2024-12-09
2024-12-08T18:55:00.030Z info: Checking transactions for 2024-12-09
2024-12-08T18:55:00.033Z info: Fetching transactions for date: 2024-12-09
2024-12-08T18:56:00.042Z info: Checking transactions for 2024-12-09
2024-12-08T18:56:00.046Z info: Fetching transactions for date: 2024-12-09
2024-12-08T18:57:00.051Z info: Checking transactions for 2024-12-09
2024-12-08T18:57:00.055Z info: Fetching transactions for date: 2024-12-09
2024-12-08T18:58:00.064Z info: Checking transactions for 2024-12-09
2024-12-08T18:58:00.067Z info: Fetching transactions for date: 2024-12-09
2024-12-08T18:59:00.077Z info: Checking transactions for 2024-12-09
2024-12-08T18:59:00.080Z info: Fetching transactions for date: 2024-12-09
2024-12-08T19:00:00.079Z info: Checking transactions for 2024-12-09
2024-12-08T19:00:00.083Z info: Fetching transactions for date: 2024-12-09
2024-12-08T19:01:00.086Z info: Checking transactions for 2024-12-09
2024-12-08T19:01:00.091Z info: Fetching transactions for date: 2024-12-09
2024-12-08T19:02:00.098Z info: Checking transactions for 2024-12-09
2024-12-08T19:02:00.106Z info: Fetching transactions for date: 2024-12-09
2024-12-08T19:03:00.115Z info: Checking transactions for 2024-12-09
2024-12-08T19:03:00.122Z info: Fetching transactions for date: 2024-12-09
2024-12-08T19:04:00.120Z info: Checking transactions for 2024-12-09
2024-12-08T19:04:00.126Z info: Fetching transactions for date: 2024-12-09
2024-12-08T19:05:00.128Z info: Checking transactions for 2024-12-09
2024-12-08T19:05:00.136Z info: Fetching transactions for date: 2024-12-09
2024-12-08T19:06:00.143Z info: Checking transactions for 2024-12-09
2024-12-08T19:06:00.145Z info: Fetching transactions for date: 2024-12-09
2024-12-08T19:07:00.143Z info: Checking transactions for 2024-12-09
2024-12-08T19:07:00.146Z info: Fetching transactions for date: 2024-12-09
2024-12-08T19:08:00.147Z info: Checking transactions for 2024-12-09
2024-12-08T19:08:00.150Z info: Fetching transactions for date: 2024-12-09
2024-12-08T19:09:00.157Z info: Checking transactions for 2024-12-09
2024-12-08T19:09:00.160Z info: Fetching transactions for date: 2024-12-09
2024-12-08T19:10:00.173Z info: Checking transactions for 2024-12-09
2024-12-08T19:10:00.177Z info: Fetching transactions for date: 2024-12-09
