2025-03-01T18:30:00.431Z info: Checking transactions for 2025-03-02
2025-03-01T18:30:00.441Z info: Fetching transactions for date: 2025-03-02
2025-03-01T18:30:01.879Z info: New day detected, fetching holiday data...
2025-03-01T18:30:02.405Z info: Fetched holidays for LK on 2025-03-02
2025-03-01T18:30:02.680Z info: Fetched holidays for MV on 2025-03-02
2025-03-01T18:31:00.432Z info: Checking transactions for 2025-03-02
2025-03-01T18:31:00.434Z info: Fetching transactions for date: 2025-03-02
2025-03-01T18:32:00.441Z info: Checking transactions for 2025-03-02
2025-03-01T18:32:00.443Z info: Fetching transactions for date: 2025-03-02
2025-03-01T18:33:00.449Z info: Checking transactions for 2025-03-02
2025-03-01T18:33:00.453Z info: Fetching transactions for date: 2025-03-02
2025-03-01T18:34:00.456Z info: Checking transactions for 2025-03-02
2025-03-01T18:34:00.464Z info: Fetching transactions for date: 2025-03-02
2025-03-01T18:35:00.461Z info: Checking transactions for 2025-03-02
2025-03-01T18:35:00.464Z info: Fetching transactions for date: 2025-03-02
2025-03-01T18:36:00.468Z info: Checking transactions for 2025-03-02
2025-03-01T18:36:00.473Z info: Fetching transactions for date: 2025-03-02
2025-03-01T18:37:00.481Z info: Checking transactions for 2025-03-02
2025-03-01T18:37:00.487Z info: Fetching transactions for date: 2025-03-02
2025-03-01T18:38:00.495Z info: Checking transactions for 2025-03-02
2025-03-01T18:38:00.498Z info: Fetching transactions for date: 2025-03-02
