2024-12-20T06:58:27.848Z info: Server running on http://localhost:3020
2024-12-20T06:59:27.853Z info: Checking transactions for 2024-12-20
2024-12-20T06:59:27.895Z info: Fetching transactions for date: 2024-12-20
2024-12-20T06:59:30.214Z info: New day detected, fetching holiday data...
2024-12-20T06:59:30.849Z info: Fetched holidays for LK on 2024-12-20
2024-12-20T06:59:31.084Z info: Fetched holidays for MV on 2024-12-20
2024-12-20T07:00:27.865Z info: Checking transactions for 2024-12-20
2024-12-20T07:00:27.869Z info: Fetching transactions for date: 2024-12-20
2024-12-20T07:01:27.867Z info: Checking transactions for 2024-12-20
2024-12-20T07:01:27.873Z info: Fetching transactions for date: 2024-12-20
2024-12-20T07:02:27.868Z info: Checking transactions for 2024-12-20
2024-12-20T07:02:27.871Z info: Fetching transactions for date: 2024-12-20
2024-12-20T07:03:27.879Z info: Checking transactions for 2024-12-20
2024-12-20T07:03:27.881Z info: Fetching transactions for date: 2024-12-20
2024-12-20T07:04:27.879Z info: Checking transactions for 2024-12-20
2024-12-20T07:04:27.884Z info: Fetching transactions for date: 2024-12-20
2024-12-20T07:05:27.891Z info: Checking transactions for 2024-12-20
2024-12-20T07:05:27.898Z info: Fetching transactions for date: 2024-12-20
2024-12-20T07:06:27.904Z info: Checking transactions for 2024-12-20
2024-12-20T07:06:27.911Z info: Fetching transactions for date: 2024-12-20
2024-12-20T07:07:27.908Z info: Checking transactions for 2024-12-20
2024-12-20T07:07:27.911Z info: Fetching transactions for date: 2024-12-20
2024-12-20T07:08:27.912Z info: Checking transactions for 2024-12-20
2024-12-20T07:08:27.919Z info: Fetching transactions for date: 2024-12-20
2024-12-20T07:09:27.915Z info: Checking transactions for 2024-12-20
2024-12-20T07:09:27.918Z info: Fetching transactions for date: 2024-12-20
2024-12-20T07:10:27.918Z info: Checking transactions for 2024-12-20
2024-12-20T07:10:27.924Z info: Fetching transactions for date: 2024-12-20
2024-12-20T07:11:27.932Z info: Checking transactions for 2024-12-20
2024-12-20T07:11:27.937Z info: Fetching transactions for date: 2024-12-20
2024-12-20T07:12:27.943Z info: Checking transactions for 2024-12-20
2024-12-20T07:12:27.948Z info: Fetching transactions for date: 2024-12-20
2024-12-20T07:13:27.954Z info: Checking transactions for 2024-12-20
2024-12-20T07:13:27.960Z info: Fetching transactions for date: 2024-12-20
2024-12-20T07:14:27.967Z info: Checking transactions for 2024-12-20
2024-12-20T07:14:27.970Z info: Fetching transactions for date: 2024-12-20
2024-12-20T07:15:27.981Z info: Checking transactions for 2024-12-20
2024-12-20T07:15:27.984Z info: Fetching transactions for date: 2024-12-20
2024-12-20T07:16:27.995Z info: Checking transactions for 2024-12-20
2024-12-20T07:16:28.002Z info: Fetching transactions for date: 2024-12-20
2024-12-20T07:17:28.008Z info: Checking transactions for 2024-12-20
2024-12-20T07:17:28.010Z info: Fetching transactions for date: 2024-12-20
2024-12-20T07:18:28.013Z info: Checking transactions for 2024-12-20
2024-12-20T07:18:28.016Z info: Fetching transactions for date: 2024-12-20
2024-12-20T07:19:28.015Z info: Checking transactions for 2024-12-20
2024-12-20T07:19:28.019Z info: Fetching transactions for date: 2024-12-20
2024-12-20T07:20:28.016Z info: Checking transactions for 2024-12-20
2024-12-20T07:20:28.019Z info: Fetching transactions for date: 2024-12-20
2024-12-20T07:21:28.019Z info: Checking transactions for 2024-12-20
2024-12-20T07:21:28.025Z info: Fetching transactions for date: 2024-12-20
2024-12-20T07:22:28.024Z info: Checking transactions for 2024-12-20
2024-12-20T07:22:28.030Z info: Fetching transactions for date: 2024-12-20
2024-12-20T07:23:28.036Z info: Checking transactions for 2024-12-20
2024-12-20T07:23:28.039Z info: Fetching transactions for date: 2024-12-20
2024-12-20T07:24:28.038Z info: Checking transactions for 2024-12-20
2024-12-20T07:24:28.044Z info: Fetching transactions for date: 2024-12-20
2024-12-20T07:25:28.050Z info: Checking transactions for 2024-12-20
2024-12-20T07:25:28.055Z info: Fetching transactions for date: 2024-12-20
2024-12-20T07:26:28.057Z info: Checking transactions for 2024-12-20
2024-12-20T07:26:28.060Z info: Fetching transactions for date: 2024-12-20
2024-12-20T07:27:28.065Z info: Checking transactions for 2024-12-20
2024-12-20T07:27:28.068Z info: Fetching transactions for date: 2024-12-20
2024-12-20T07:28:28.078Z info: Checking transactions for 2024-12-20
2024-12-20T07:28:28.081Z info: Fetching transactions for date: 2024-12-20
2024-12-20T07:29:28.095Z info: Checking transactions for 2024-12-20
2024-12-20T07:29:28.103Z info: Fetching transactions for date: 2024-12-20
2024-12-20T07:30:28.102Z info: Checking transactions for 2024-12-20
2024-12-20T07:30:28.106Z info: Fetching transactions for date: 2024-12-20
2024-12-20T07:31:28.118Z info: Checking transactions for 2024-12-20
2024-12-20T07:31:28.125Z info: Fetching transactions for date: 2024-12-20
2024-12-20T07:31:39.079Z info: Fetched transactions for 2024-12-20: undefined transactions
2024-12-20T07:31:39.082Z info: Holiday check for 2024-12-20: Sri Lanka holiday = false, Maldives holiday = false
2024-12-20T07:31:39.083Z info: No system holiday on 2024-12-20
2024-12-20T07:31:39.084Z info: Holiday check for 2024-12-19: Sri Lanka holiday = false, Maldives holiday = false
2024-12-20T07:31:39.084Z info: No system holiday on 2024-12-19
2024-12-20T07:31:39.206Z info: Inserted transaction into Transactions_TMP for P74YE354
2024-12-20T07:31:39.207Z info: Holiday check for 2024-12-19: Sri Lanka holiday = false, Maldives holiday = false
2024-12-20T07:31:39.208Z info: No system holiday on 2024-12-19
2024-12-20T07:31:39.231Z info: Inserted transaction into Transactions_TMP for HV3P81WP
2024-12-20T07:31:39.232Z info: Holiday check for 2024-12-19: Sri Lanka holiday = false, Maldives holiday = false
2024-12-20T07:31:39.233Z info: No system holiday on 2024-12-19
2024-12-20T07:31:39.259Z info: Inserted transaction into Transactions_TMP for 8ZGJ3DLX
2024-12-20T07:31:39.263Z info: Transactions for 2024-12-20: 3 transactions
2024-12-20T07:32:28.122Z info: Checking transactions for 2024-12-20
2024-12-20T07:32:28.127Z info: Fetching transactions for date: 2024-12-20
2024-12-20T07:32:31.258Z info: Fetched transactions for 2024-12-20: undefined transactions
2024-12-20T07:32:31.260Z info: Holiday check for 2024-12-20: Sri Lanka holiday = false, Maldives holiday = false
2024-12-20T07:32:31.260Z info: No system holiday on 2024-12-20
2024-12-20T07:32:31.261Z info: Holiday check for 2024-12-19: Sri Lanka holiday = false, Maldives holiday = false
2024-12-20T07:32:31.261Z info: No system holiday on 2024-12-19
2024-12-20T07:32:31.379Z info: Inserted transaction into Transactions_TMP for DZHMH819
2024-12-20T07:32:31.380Z info: Holiday check for 2024-12-19: Sri Lanka holiday = false, Maldives holiday = false
2024-12-20T07:32:31.380Z info: No system holiday on 2024-12-19
2024-12-20T07:32:31.404Z info: Inserted transaction into Transactions_TMP for NGMHTSG2
2024-12-20T07:32:31.405Z info: Holiday check for 2024-12-19: Sri Lanka holiday = false, Maldives holiday = false
2024-12-20T07:32:31.405Z info: No system holiday on 2024-12-19
2024-12-20T07:32:31.437Z info: Inserted transaction into Transactions_TMP for GCWRO557
2024-12-20T07:32:31.442Z info: Transactions for 2024-12-20: 3 transactions
2024-12-20T07:33:28.132Z info: Checking transactions for 2024-12-20
2024-12-20T07:33:28.135Z info: Fetching transactions for date: 2024-12-20
2024-12-20T07:33:30.847Z info: Fetched transactions for 2024-12-20: undefined transactions
2024-12-20T07:33:30.848Z info: Holiday check for 2024-12-20: Sri Lanka holiday = false, Maldives holiday = false
2024-12-20T07:33:30.848Z info: No system holiday on 2024-12-20
2024-12-20T07:33:30.849Z info: Holiday check for 2024-12-19: Sri Lanka holiday = false, Maldives holiday = false
2024-12-20T07:33:30.849Z info: No system holiday on 2024-12-19
2024-12-20T07:33:30.929Z info: Inserted transaction into Transactions_TMP for Z7U6Q1Y6
2024-12-20T07:33:30.930Z info: Holiday check for 2024-12-19: Sri Lanka holiday = false, Maldives holiday = false
2024-12-20T07:33:30.930Z info: No system holiday on 2024-12-19
2024-12-20T07:33:30.958Z info: Inserted transaction into Transactions_TMP for ZEKXYC2B
2024-12-20T07:33:30.958Z info: Holiday check for 2024-12-19: Sri Lanka holiday = false, Maldives holiday = false
2024-12-20T07:33:30.958Z info: No system holiday on 2024-12-19
2024-12-20T07:33:30.986Z info: Inserted transaction into Transactions_TMP for S9YKTYJO
2024-12-20T07:33:30.990Z info: Transactions for 2024-12-20: 3 transactions
2024-12-20T07:34:28.140Z info: Checking transactions for 2024-12-20
2024-12-20T07:34:28.143Z info: Fetching transactions for date: 2024-12-20
2024-12-20T07:34:30.793Z info: Fetched transactions for 2024-12-20: undefined transactions
2024-12-20T07:34:30.795Z info: Holiday check for 2024-12-20: Sri Lanka holiday = false, Maldives holiday = false
2024-12-20T07:34:30.795Z info: No system holiday on 2024-12-20
2024-12-20T07:34:30.795Z info: Holiday check for 2024-12-19: Sri Lanka holiday = false, Maldives holiday = false
2024-12-20T07:34:30.796Z info: No system holiday on 2024-12-19
2024-12-20T07:34:30.876Z info: Inserted transaction into Transactions_TMP for IPCZN43A
2024-12-20T07:34:30.876Z info: Holiday check for 2024-12-19: Sri Lanka holiday = false, Maldives holiday = false
2024-12-20T07:34:30.877Z info: No system holiday on 2024-12-19
2024-12-20T07:34:30.903Z info: Inserted transaction into Transactions_TMP for Z2KBQDQL
2024-12-20T07:34:30.903Z info: Holiday check for 2024-12-19: Sri Lanka holiday = false, Maldives holiday = false
2024-12-20T07:34:30.904Z info: No system holiday on 2024-12-19
2024-12-20T07:34:30.929Z info: Inserted transaction into Transactions_TMP for USONE494
2024-12-20T07:34:30.933Z info: Transactions for 2024-12-20: 3 transactions
2024-12-20T07:35:28.155Z info: Checking transactions for 2024-12-20
2024-12-20T07:35:28.157Z info: Fetching transactions for date: 2024-12-20
2024-12-20T07:35:30.610Z info: Fetched transactions for 2024-12-20: undefined transactions
2024-12-20T07:35:30.612Z info: Holiday check for 2024-12-20: Sri Lanka holiday = false, Maldives holiday = false
2024-12-20T07:35:30.612Z info: No system holiday on 2024-12-20
2024-12-20T07:35:30.613Z info: Holiday check for 2024-12-19: Sri Lanka holiday = false, Maldives holiday = false
2024-12-20T07:35:30.614Z info: No system holiday on 2024-12-19
2024-12-20T07:35:30.686Z info: Inserted transaction into Transactions_TMP for 13XXE5QA
2024-12-20T07:35:30.687Z info: Holiday check for 2024-12-19: Sri Lanka holiday = false, Maldives holiday = false
2024-12-20T07:35:30.687Z info: No system holiday on 2024-12-19
2024-12-20T07:35:30.710Z info: Inserted transaction into Transactions_TMP for PVU1KUMD
2024-12-20T07:35:30.711Z info: Holiday check for 2024-12-19: Sri Lanka holiday = false, Maldives holiday = false
2024-12-20T07:35:30.711Z info: No system holiday on 2024-12-19
2024-12-20T07:35:30.751Z info: Inserted transaction into Transactions_TMP for 27WOEYXE
2024-12-20T07:35:30.752Z info: Holiday check for 2024-12-19: Sri Lanka holiday = false, Maldives holiday = false
2024-12-20T07:35:30.752Z info: No system holiday on 2024-12-19
2024-12-20T07:35:30.777Z info: Inserted transaction into Transactions_TMP for EINIJNBY
2024-12-20T07:35:30.778Z info: Holiday check for 2024-12-19: Sri Lanka holiday = false, Maldives holiday = false
2024-12-20T07:35:30.779Z info: No system holiday on 2024-12-19
2024-12-20T07:35:30.806Z info: Inserted transaction into Transactions_TMP for AOJD18JK
2024-12-20T07:35:30.807Z info: Holiday check for 2024-12-19: Sri Lanka holiday = false, Maldives holiday = false
2024-12-20T07:35:30.807Z info: No system holiday on 2024-12-19
2024-12-20T07:35:30.838Z info: Inserted transaction into Transactions_TMP for 5YTGB5CP
2024-12-20T07:35:30.845Z info: Transactions for 2024-12-20: 6 transactions
2024-12-20T07:36:28.159Z info: Checking transactions for 2024-12-20
2024-12-20T07:36:28.162Z info: Fetching transactions for date: 2024-12-20
2024-12-20T07:36:30.771Z info: Fetched transactions for 2024-12-20: undefined transactions
2024-12-20T07:36:30.772Z info: Holiday check for 2024-12-20: Sri Lanka holiday = false, Maldives holiday = false
2024-12-20T07:36:30.773Z info: No system holiday on 2024-12-20
2024-12-20T07:36:30.773Z info: Holiday check for 2024-12-19: Sri Lanka holiday = false, Maldives holiday = false
2024-12-20T07:36:30.774Z info: No system holiday on 2024-12-19
2024-12-20T07:36:30.943Z info: Inserted transaction into Transactions_TMP for CNA07OBZ
2024-12-20T07:36:30.944Z info: Holiday check for 2024-12-19: Sri Lanka holiday = false, Maldives holiday = false
2024-12-20T07:36:30.944Z info: No system holiday on 2024-12-19
2024-12-20T07:36:30.978Z info: Inserted transaction into Transactions_TMP for F8LA8TNK
2024-12-20T07:36:30.979Z info: Holiday check for 2024-12-19: Sri Lanka holiday = false, Maldives holiday = false
2024-12-20T07:36:30.979Z info: No system holiday on 2024-12-19
2024-12-20T07:36:31.019Z info: Inserted transaction into Transactions_TMP for SE5VQGAO
2024-12-20T07:36:31.019Z info: Holiday check for 2024-12-19: Sri Lanka holiday = false, Maldives holiday = false
2024-12-20T07:36:31.020Z info: No system holiday on 2024-12-19
2024-12-20T07:36:31.055Z info: Inserted transaction into Transactions_TMP for J4G7P6ST
2024-12-20T07:36:31.055Z info: Holiday check for 2024-12-19: Sri Lanka holiday = false, Maldives holiday = false
2024-12-20T07:36:31.056Z info: No system holiday on 2024-12-19
2024-12-20T07:36:31.088Z info: Inserted transaction into Transactions_TMP for S6RK0DPK
2024-12-20T07:36:31.089Z info: Holiday check for 2024-12-19: Sri Lanka holiday = false, Maldives holiday = false
2024-12-20T07:36:31.089Z info: No system holiday on 2024-12-19
2024-12-20T07:36:31.134Z info: Inserted transaction into Transactions_TMP for SUUNCB9T
2024-12-20T07:36:31.142Z info: Transactions for 2024-12-20: 6 transactions
2024-12-20T07:37:28.162Z info: Checking transactions for 2024-12-20
2024-12-20T07:37:28.167Z info: Fetching transactions for date: 2024-12-20
2024-12-20T07:37:31.989Z info: Fetched transactions for 2024-12-20: undefined transactions
2024-12-20T07:37:31.989Z info: Holiday check for 2024-12-20: Sri Lanka holiday = false, Maldives holiday = false
2024-12-20T07:37:31.990Z info: No system holiday on 2024-12-20
2024-12-20T07:37:31.990Z info: Holiday check for 2024-12-19: Sri Lanka holiday = false, Maldives holiday = false
2024-12-20T07:37:31.990Z info: No system holiday on 2024-12-19
2024-12-20T07:37:32.068Z info: Inserted transaction into Transactions_TMP for DU2IU27V
2024-12-20T07:37:32.068Z info: Holiday check for 2024-12-19: Sri Lanka holiday = false, Maldives holiday = false
2024-12-20T07:37:32.069Z info: No system holiday on 2024-12-19
2024-12-20T07:37:32.098Z info: Inserted transaction into Transactions_TMP for ZTMCE1PD
2024-12-20T07:37:32.098Z info: Holiday check for 2024-12-19: Sri Lanka holiday = false, Maldives holiday = false
2024-12-20T07:37:32.099Z info: No system holiday on 2024-12-19
2024-12-20T07:37:32.125Z info: Inserted transaction into Transactions_TMP for L7WB4SOL
2024-12-20T07:37:32.126Z info: Holiday check for 2024-12-19: Sri Lanka holiday = false, Maldives holiday = false
2024-12-20T07:37:32.126Z info: No system holiday on 2024-12-19
2024-12-20T07:37:32.151Z info: Inserted transaction into Transactions_TMP for GXNWCJ2B
2024-12-20T07:37:32.151Z info: Holiday check for 2024-12-19: Sri Lanka holiday = false, Maldives holiday = false
2024-12-20T07:37:32.151Z info: No system holiday on 2024-12-19
2024-12-20T07:37:32.178Z info: Inserted transaction into Transactions_TMP for 5QQ5DRL2
2024-12-20T07:37:32.179Z info: Holiday check for 2024-12-19: Sri Lanka holiday = false, Maldives holiday = false
2024-12-20T07:37:32.180Z info: No system holiday on 2024-12-19
2024-12-20T07:37:32.206Z info: Inserted transaction into Transactions_TMP for AGUWIZAD
2024-12-20T07:37:32.213Z info: Transactions for 2024-12-20: 6 transactions
2024-12-20T07:38:28.165Z info: Checking transactions for 2024-12-20
2024-12-20T07:38:28.170Z info: Fetching transactions for date: 2024-12-20
2024-12-20T07:38:30.563Z info: Fetched transactions for 2024-12-20: undefined transactions
2024-12-20T07:38:30.564Z info: Holiday check for 2024-12-20: Sri Lanka holiday = false, Maldives holiday = false
2024-12-20T07:38:30.565Z info: No system holiday on 2024-12-20
2024-12-20T07:38:30.565Z info: Holiday check for 2024-12-19: Sri Lanka holiday = false, Maldives holiday = false
2024-12-20T07:38:30.565Z info: No system holiday on 2024-12-19
2024-12-20T07:38:30.636Z info: Inserted transaction into Transactions_TMP for YY41NVKD
2024-12-20T07:38:30.637Z info: Holiday check for 2024-12-19: Sri Lanka holiday = false, Maldives holiday = false
2024-12-20T07:38:30.637Z info: No system holiday on 2024-12-19
2024-12-20T07:38:30.664Z info: Inserted transaction into Transactions_TMP for T0FWOAYK
2024-12-20T07:38:30.664Z info: Holiday check for 2024-12-19: Sri Lanka holiday = false, Maldives holiday = false
2024-12-20T07:38:30.664Z info: No system holiday on 2024-12-19
2024-12-20T07:38:30.693Z info: Inserted transaction into Transactions_TMP for XET0CPV9
2024-12-20T07:38:30.694Z info: Holiday check for 2024-12-19: Sri Lanka holiday = false, Maldives holiday = false
2024-12-20T07:38:30.694Z info: No system holiday on 2024-12-19
2024-12-20T07:38:30.723Z info: Inserted transaction into Transactions_TMP for PFWK6GEK
2024-12-20T07:38:30.724Z info: Holiday check for 2024-12-19: Sri Lanka holiday = false, Maldives holiday = false
2024-12-20T07:38:30.725Z info: No system holiday on 2024-12-19
2024-12-20T07:38:30.754Z info: Inserted transaction into Transactions_TMP for WWZ1H3MN
2024-12-20T07:38:30.755Z info: Holiday check for 2024-12-19: Sri Lanka holiday = false, Maldives holiday = false
2024-12-20T07:38:30.755Z info: No system holiday on 2024-12-19
2024-12-20T07:38:30.792Z info: Inserted transaction into Transactions_TMP for N3PXN2JD
2024-12-20T07:38:30.800Z info: Transactions for 2024-12-20: 6 transactions
2024-12-20T07:39:28.171Z info: Checking transactions for 2024-12-20
2024-12-20T07:39:28.175Z info: Fetching transactions for date: 2024-12-20
2024-12-20T07:39:30.727Z info: Fetched transactions for 2024-12-20: undefined transactions
2024-12-20T07:39:30.728Z info: Holiday check for 2024-12-20: Sri Lanka holiday = false, Maldives holiday = false
2024-12-20T07:39:30.728Z info: No system holiday on 2024-12-20
2024-12-20T07:39:30.728Z info: Holiday check for 2024-12-19: Sri Lanka holiday = false, Maldives holiday = false
2024-12-20T07:39:30.729Z info: No system holiday on 2024-12-19
2024-12-20T07:39:30.806Z info: Inserted transaction into Transactions_TMP for SQLQIF54
2024-12-20T07:39:30.807Z info: Holiday check for 2024-12-19: Sri Lanka holiday = false, Maldives holiday = false
2024-12-20T07:39:30.807Z info: No system holiday on 2024-12-19
2024-12-20T07:39:30.833Z info: Inserted transaction into Transactions_TMP for C9CHCD75
2024-12-20T07:39:30.833Z info: Holiday check for 2024-12-19: Sri Lanka holiday = false, Maldives holiday = false
2024-12-20T07:39:30.833Z info: No system holiday on 2024-12-19
2024-12-20T07:39:30.862Z info: Inserted transaction into Transactions_TMP for 182D6NSP
2024-12-20T07:39:30.863Z info: Holiday check for 2024-12-19: Sri Lanka holiday = false, Maldives holiday = false
2024-12-20T07:39:30.863Z info: No system holiday on 2024-12-19
2024-12-20T07:39:30.888Z info: Inserted transaction into Transactions_TMP for IG9RE5OH
2024-12-20T07:39:30.888Z info: Holiday check for 2024-12-19: Sri Lanka holiday = false, Maldives holiday = false
2024-12-20T07:39:30.888Z info: No system holiday on 2024-12-19
2024-12-20T07:39:30.913Z info: Inserted transaction into Transactions_TMP for Q213NWOH
2024-12-20T07:39:30.914Z info: Holiday check for 2024-12-19: Sri Lanka holiday = false, Maldives holiday = false
2024-12-20T07:39:30.914Z info: No system holiday on 2024-12-19
2024-12-20T07:39:30.941Z info: Inserted transaction into Transactions_TMP for 435GLYKV
2024-12-20T07:39:30.947Z info: Transactions for 2024-12-20: 6 transactions
2024-12-20T07:40:28.178Z info: Checking transactions for 2024-12-20
2024-12-20T07:40:28.187Z info: Fetching transactions for date: 2024-12-20
2024-12-20T07:40:33.178Z info: Fetched transactions for 2024-12-20: undefined transactions
2024-12-20T07:40:33.179Z info: Holiday check for 2024-12-20: Sri Lanka holiday = false, Maldives holiday = false
2024-12-20T07:40:33.179Z info: No system holiday on 2024-12-20
2024-12-20T07:40:33.180Z info: Holiday check for 2024-12-19: Sri Lanka holiday = false, Maldives holiday = false
2024-12-20T07:40:33.180Z info: No system holiday on 2024-12-19
2024-12-20T07:40:33.262Z info: Inserted transaction into Transactions_TMP for 4RGBZBCA
2024-12-20T07:40:33.262Z info: Holiday check for 2024-12-19: Sri Lanka holiday = false, Maldives holiday = false
2024-12-20T07:40:33.262Z info: No system holiday on 2024-12-19
2024-12-20T07:40:33.294Z info: Inserted transaction into Transactions_TMP for YTGXOSWE
2024-12-20T07:40:33.296Z info: Holiday check for 2024-12-19: Sri Lanka holiday = false, Maldives holiday = false
2024-12-20T07:40:33.296Z info: No system holiday on 2024-12-19
2024-12-20T07:40:33.333Z info: Inserted transaction into Transactions_TMP for Q9LSAEWK
2024-12-20T07:40:33.333Z info: Holiday check for 2024-12-19: Sri Lanka holiday = false, Maldives holiday = false
2024-12-20T07:40:33.334Z info: No system holiday on 2024-12-19
2024-12-20T07:40:33.369Z info: Inserted transaction into Transactions_TMP for ETG968H9
2024-12-20T07:40:33.370Z info: Holiday check for 2024-12-19: Sri Lanka holiday = false, Maldives holiday = false
2024-12-20T07:40:33.370Z info: No system holiday on 2024-12-19
2024-12-20T07:40:33.403Z info: Inserted transaction into Transactions_TMP for 685OE6IF
2024-12-20T07:40:33.403Z info: Holiday check for 2024-12-19: Sri Lanka holiday = false, Maldives holiday = false
2024-12-20T07:40:33.403Z info: No system holiday on 2024-12-19
2024-12-20T07:40:33.441Z info: Inserted transaction into Transactions_TMP for 8R58PRC6
2024-12-20T07:40:33.447Z info: Transactions for 2024-12-20: 6 transactions
2024-12-20T07:41:28.184Z info: Checking transactions for 2024-12-20
2024-12-20T07:41:28.188Z info: Fetching transactions for date: 2024-12-20
2024-12-20T07:41:30.710Z info: Fetched transactions for 2024-12-20: undefined transactions
2024-12-20T07:41:30.710Z info: Holiday check for 2024-12-20: Sri Lanka holiday = false, Maldives holiday = false
2024-12-20T07:41:30.711Z info: No system holiday on 2024-12-20
2024-12-20T07:41:30.711Z info: Holiday check for 2024-12-19: Sri Lanka holiday = false, Maldives holiday = false
2024-12-20T07:41:30.711Z info: No system holiday on 2024-12-19
2024-12-20T07:41:30.782Z info: Inserted transaction into Transactions_TMP for GRIFB7BA
2024-12-20T07:41:30.783Z info: Holiday check for 2024-12-19: Sri Lanka holiday = false, Maldives holiday = false
2024-12-20T07:41:30.783Z info: No system holiday on 2024-12-19
2024-12-20T07:41:30.808Z info: Inserted transaction into Transactions_TMP for XNT0W4E2
2024-12-20T07:41:30.808Z info: Holiday check for 2024-12-19: Sri Lanka holiday = false, Maldives holiday = false
2024-12-20T07:41:30.808Z info: No system holiday on 2024-12-19
2024-12-20T07:41:30.834Z info: Inserted transaction into Transactions_TMP for EQL6BM46
2024-12-20T07:41:30.835Z info: Holiday check for 2024-12-19: Sri Lanka holiday = false, Maldives holiday = false
2024-12-20T07:41:30.835Z info: No system holiday on 2024-12-19
2024-12-20T07:41:30.861Z info: Inserted transaction into Transactions_TMP for 0H9C2UZ9
2024-12-20T07:41:30.862Z info: Holiday check for 2024-12-19: Sri Lanka holiday = false, Maldives holiday = false
2024-12-20T07:41:30.862Z info: No system holiday on 2024-12-19
2024-12-20T07:41:30.887Z info: Inserted transaction into Transactions_TMP for YEFTQI4X
2024-12-20T07:41:30.888Z info: Holiday check for 2024-12-19: Sri Lanka holiday = false, Maldives holiday = false
2024-12-20T07:41:30.888Z info: No system holiday on 2024-12-19
2024-12-20T07:41:30.912Z info: Inserted transaction into Transactions_TMP for 9981P0JX
2024-12-20T07:41:30.918Z info: Transactions for 2024-12-20: 6 transactions
2024-12-20T07:42:28.195Z info: Checking transactions for 2024-12-20
2024-12-20T07:42:28.203Z info: Fetching transactions for date: 2024-12-20
2024-12-20T07:42:30.840Z info: Fetched transactions for 2024-12-20: undefined transactions
2024-12-20T07:42:30.841Z info: Holiday check for 2024-12-20: Sri Lanka holiday = false, Maldives holiday = false
2024-12-20T07:42:30.841Z info: No system holiday on 2024-12-20
2024-12-20T07:42:30.842Z info: Holiday check for 2024-12-19: Sri Lanka holiday = false, Maldives holiday = false
2024-12-20T07:42:30.842Z info: No system holiday on 2024-12-19
2024-12-20T07:42:30.938Z info: Inserted transaction into Transactions_TMP for 1MX65EAV
2024-12-20T07:42:30.938Z info: Holiday check for 2024-12-19: Sri Lanka holiday = false, Maldives holiday = false
2024-12-20T07:42:30.939Z info: No system holiday on 2024-12-19
2024-12-20T07:42:30.969Z info: Inserted transaction into Transactions_TMP for 7QQHF2JV
2024-12-20T07:42:30.969Z info: Holiday check for 2024-12-19: Sri Lanka holiday = false, Maldives holiday = false
2024-12-20T07:42:30.970Z info: No system holiday on 2024-12-19
2024-12-20T07:42:30.999Z info: Inserted transaction into Transactions_TMP for V9YZLH1U
2024-12-20T07:42:30.999Z info: Holiday check for 2024-12-19: Sri Lanka holiday = false, Maldives holiday = false
2024-12-20T07:42:30.999Z info: No system holiday on 2024-12-19
2024-12-20T07:42:31.033Z info: Inserted transaction into Transactions_TMP for JLRI65YR
2024-12-20T07:42:31.034Z info: Holiday check for 2024-12-19: Sri Lanka holiday = false, Maldives holiday = false
2024-12-20T07:42:31.034Z info: No system holiday on 2024-12-19
2024-12-20T07:42:31.062Z info: Inserted transaction into Transactions_TMP for I4UCAXKR
2024-12-20T07:42:31.063Z info: Holiday check for 2024-12-19: Sri Lanka holiday = false, Maldives holiday = false
2024-12-20T07:42:31.063Z info: No system holiday on 2024-12-19
2024-12-20T07:42:31.092Z info: Inserted transaction into Transactions_TMP for H1N8A8BD
2024-12-20T07:42:31.097Z info: Transactions for 2024-12-20: 6 transactions
2024-12-20T07:43:28.203Z info: Checking transactions for 2024-12-20
2024-12-20T07:43:28.206Z info: Fetching transactions for date: 2024-12-20
2024-12-20T07:43:32.061Z info: Fetched transactions for 2024-12-20: undefined transactions
2024-12-20T07:43:32.062Z info: Holiday check for 2024-12-20: Sri Lanka holiday = false, Maldives holiday = false
2024-12-20T07:43:32.062Z info: No system holiday on 2024-12-20
2024-12-20T07:43:32.062Z info: Holiday check for 2024-12-19: Sri Lanka holiday = false, Maldives holiday = false
2024-12-20T07:43:32.062Z info: No system holiday on 2024-12-19
2024-12-20T07:43:32.153Z info: Inserted transaction into Transactions_TMP for 5IHG8O8O
2024-12-20T07:43:32.153Z info: Holiday check for 2024-12-19: Sri Lanka holiday = false, Maldives holiday = false
2024-12-20T07:43:32.154Z info: No system holiday on 2024-12-19
2024-12-20T07:43:32.181Z info: Inserted transaction into Transactions_TMP for 8NZEPPL5
2024-12-20T07:43:32.181Z info: Holiday check for 2024-12-19: Sri Lanka holiday = false, Maldives holiday = false
2024-12-20T07:43:32.181Z info: No system holiday on 2024-12-19
2024-12-20T07:43:32.208Z info: Inserted transaction into Transactions_TMP for BC5YZO3J
2024-12-20T07:43:32.208Z info: Holiday check for 2024-12-19: Sri Lanka holiday = false, Maldives holiday = false
2024-12-20T07:43:32.208Z info: No system holiday on 2024-12-19
2024-12-20T07:43:32.237Z info: Inserted transaction into Transactions_TMP for EZF6HQ47
2024-12-20T07:43:32.238Z info: Holiday check for 2024-12-19: Sri Lanka holiday = false, Maldives holiday = false
2024-12-20T07:43:32.239Z info: No system holiday on 2024-12-19
2024-12-20T07:43:32.274Z info: Inserted transaction into Transactions_TMP for CJYIACM9
2024-12-20T07:43:32.274Z info: Holiday check for 2024-12-19: Sri Lanka holiday = false, Maldives holiday = false
2024-12-20T07:43:32.275Z info: No system holiday on 2024-12-19
2024-12-20T07:43:32.302Z info: Inserted transaction into Transactions_TMP for HGX53AVZ
2024-12-20T07:43:32.307Z info: Transactions for 2024-12-20: 6 transactions
2024-12-20T07:44:28.214Z info: Checking transactions for 2024-12-20
2024-12-20T07:44:28.218Z info: Fetching transactions for date: 2024-12-20
2024-12-20T07:44:30.760Z info: Fetched transactions for 2024-12-20: undefined transactions
2024-12-20T07:44:30.761Z info: Holiday check for 2024-12-20: Sri Lanka holiday = false, Maldives holiday = false
2024-12-20T07:44:30.761Z info: No system holiday on 2024-12-20
2024-12-20T07:44:30.761Z info: Holiday check for 2024-12-19: Sri Lanka holiday = false, Maldives holiday = false
2024-12-20T07:44:30.762Z info: No system holiday on 2024-12-19
2024-12-20T07:44:30.849Z info: Inserted transaction into Transactions_TMP for 08IBOU5P
2024-12-20T07:44:30.850Z info: Holiday check for 2024-12-19: Sri Lanka holiday = false, Maldives holiday = false
2024-12-20T07:44:30.850Z info: No system holiday on 2024-12-19
2024-12-20T07:44:30.878Z info: Inserted transaction into Transactions_TMP for 38RHQRQT
2024-12-20T07:44:30.879Z info: Holiday check for 2024-12-19: Sri Lanka holiday = false, Maldives holiday = false
2024-12-20T07:44:30.879Z info: No system holiday on 2024-12-19
2024-12-20T07:44:30.908Z info: Inserted transaction into Transactions_TMP for LKCKI0UD
2024-12-20T07:44:30.908Z info: Holiday check for 2024-12-19: Sri Lanka holiday = false, Maldives holiday = false
2024-12-20T07:44:30.908Z info: No system holiday on 2024-12-19
2024-12-20T07:44:30.939Z info: Inserted transaction into Transactions_TMP for X8R4MZXA
2024-12-20T07:44:30.940Z info: Holiday check for 2024-12-19: Sri Lanka holiday = false, Maldives holiday = false
2024-12-20T07:44:30.940Z info: No system holiday on 2024-12-19
2024-12-20T07:44:30.966Z info: Inserted transaction into Transactions_TMP for TLDW0542
2024-12-20T07:44:30.967Z info: Holiday check for 2024-12-19: Sri Lanka holiday = false, Maldives holiday = false
2024-12-20T07:44:30.968Z info: No system holiday on 2024-12-19
2024-12-20T07:44:30.994Z info: Inserted transaction into Transactions_TMP for HTYHDJ4R
2024-12-20T07:44:31.001Z info: Transactions for 2024-12-20: 6 transactions
2024-12-20T07:45:28.219Z info: Checking transactions for 2024-12-20
2024-12-20T07:45:28.221Z info: Fetching transactions for date: 2024-12-20
2024-12-20T07:45:30.729Z info: Fetched transactions for 2024-12-20: undefined transactions
2024-12-20T07:45:30.730Z info: Holiday check for 2024-12-20: Sri Lanka holiday = false, Maldives holiday = false
2024-12-20T07:45:30.730Z info: No system holiday on 2024-12-20
2024-12-20T07:45:30.731Z info: Holiday check for 2024-12-19: Sri Lanka holiday = false, Maldives holiday = false
2024-12-20T07:45:30.731Z info: No system holiday on 2024-12-19
2024-12-20T07:45:30.811Z info: Inserted transaction into Transactions_TMP for N0YNFUGZ
2024-12-20T07:45:30.811Z info: Holiday check for 2024-12-19: Sri Lanka holiday = false, Maldives holiday = false
2024-12-20T07:45:30.812Z info: No system holiday on 2024-12-19
2024-12-20T07:45:30.840Z info: Inserted transaction into Transactions_TMP for ECM6S9SQ
2024-12-20T07:45:30.840Z info: Holiday check for 2024-12-19: Sri Lanka holiday = false, Maldives holiday = false
2024-12-20T07:45:30.841Z info: No system holiday on 2024-12-19
2024-12-20T07:45:30.870Z info: Inserted transaction into Transactions_TMP for FIT0FYUO
2024-12-20T07:45:30.871Z info: Holiday check for 2024-12-19: Sri Lanka holiday = false, Maldives holiday = false
2024-12-20T07:45:30.871Z info: No system holiday on 2024-12-19
2024-12-20T07:45:30.902Z info: Inserted transaction into Transactions_TMP for S5314L4O
2024-12-20T07:45:30.902Z info: Holiday check for 2024-12-19: Sri Lanka holiday = false, Maldives holiday = false
2024-12-20T07:45:30.902Z info: No system holiday on 2024-12-19
2024-12-20T07:45:30.929Z info: Inserted transaction into Transactions_TMP for 6UFLNIYS
2024-12-20T07:45:30.930Z info: Holiday check for 2024-12-19: Sri Lanka holiday = false, Maldives holiday = false
2024-12-20T07:45:30.930Z info: No system holiday on 2024-12-19
2024-12-20T07:45:30.959Z info: Inserted transaction into Transactions_TMP for 97TKFIOC
2024-12-20T07:45:30.968Z info: Transactions for 2024-12-20: 6 transactions
2024-12-20T07:46:28.232Z info: Checking transactions for 2024-12-20
2024-12-20T07:46:28.234Z info: Fetching transactions for date: 2024-12-20
2024-12-20T07:46:31.039Z info: Fetched transactions for 2024-12-20: undefined transactions
2024-12-20T07:46:31.039Z info: Holiday check for 2024-12-20: Sri Lanka holiday = false, Maldives holiday = false
2024-12-20T07:46:31.040Z info: No system holiday on 2024-12-20
2024-12-20T07:46:31.040Z info: Holiday check for 2024-12-19: Sri Lanka holiday = false, Maldives holiday = false
2024-12-20T07:46:31.040Z info: No system holiday on 2024-12-19
2024-12-20T07:46:31.110Z info: Inserted transaction into Transactions_TMP for NRF7C1I0
2024-12-20T07:46:31.111Z info: Holiday check for 2024-12-19: Sri Lanka holiday = false, Maldives holiday = false
2024-12-20T07:46:31.111Z info: No system holiday on 2024-12-19
2024-12-20T07:46:31.137Z info: Inserted transaction into Transactions_TMP for 2X49EWWG
2024-12-20T07:46:31.137Z info: Holiday check for 2024-12-19: Sri Lanka holiday = false, Maldives holiday = false
2024-12-20T07:46:31.138Z info: No system holiday on 2024-12-19
2024-12-20T07:46:31.171Z info: Inserted transaction into Transactions_TMP for O2HIW1KF
2024-12-20T07:46:31.171Z info: Holiday check for 2024-12-19: Sri Lanka holiday = false, Maldives holiday = false
2024-12-20T07:46:31.172Z info: No system holiday on 2024-12-19
2024-12-20T07:46:31.197Z info: Inserted transaction into Transactions_TMP for RBAWWWZF
2024-12-20T07:46:31.198Z info: Holiday check for 2024-12-19: Sri Lanka holiday = false, Maldives holiday = false
2024-12-20T07:46:31.198Z info: No system holiday on 2024-12-19
2024-12-20T07:46:31.225Z info: Inserted transaction into Transactions_TMP for Y7JF4DSW
2024-12-20T07:46:31.225Z info: Holiday check for 2024-12-19: Sri Lanka holiday = false, Maldives holiday = false
2024-12-20T07:46:31.225Z info: No system holiday on 2024-12-19
2024-12-20T07:46:31.255Z info: Inserted transaction into Transactions_TMP for GB0CY608
2024-12-20T07:46:31.260Z info: Transactions for 2024-12-20: 6 transactions
2024-12-20T07:47:28.238Z info: Checking transactions for 2024-12-20
2024-12-20T07:47:28.244Z info: Fetching transactions for date: 2024-12-20
2024-12-20T07:47:30.790Z info: Fetched transactions for 2024-12-20: undefined transactions
2024-12-20T07:47:30.791Z info: Holiday check for 2024-12-20: Sri Lanka holiday = false, Maldives holiday = false
2024-12-20T07:47:30.791Z info: No system holiday on 2024-12-20
2024-12-20T07:47:30.792Z info: Holiday check for 2024-12-19: Sri Lanka holiday = false, Maldives holiday = false
2024-12-20T07:47:30.792Z info: No system holiday on 2024-12-19
2024-12-20T07:47:30.880Z info: Inserted transaction into Transactions_TMP for CFJ57KZ8
2024-12-20T07:47:30.881Z info: Holiday check for 2024-12-19: Sri Lanka holiday = false, Maldives holiday = false
2024-12-20T07:47:30.881Z info: No system holiday on 2024-12-19
2024-12-20T07:47:30.914Z info: Inserted transaction into Transactions_TMP for TEPXL8D4
2024-12-20T07:47:30.914Z info: Holiday check for 2024-12-19: Sri Lanka holiday = false, Maldives holiday = false
2024-12-20T07:47:30.914Z info: No system holiday on 2024-12-19
2024-12-20T07:47:30.945Z info: Inserted transaction into Transactions_TMP for 930J8G9D
2024-12-20T07:47:30.946Z info: Holiday check for 2024-12-19: Sri Lanka holiday = false, Maldives holiday = false
2024-12-20T07:47:30.947Z info: No system holiday on 2024-12-19
2024-12-20T07:47:30.977Z info: Inserted transaction into Transactions_TMP for 1ZUSKQ1F
2024-12-20T07:47:30.977Z info: Holiday check for 2024-12-19: Sri Lanka holiday = false, Maldives holiday = false
2024-12-20T07:47:30.978Z info: No system holiday on 2024-12-19
2024-12-20T07:47:31.007Z info: Inserted transaction into Transactions_TMP for EMZOL91H
2024-12-20T07:47:31.007Z info: Holiday check for 2024-12-19: Sri Lanka holiday = false, Maldives holiday = false
2024-12-20T07:47:31.008Z info: No system holiday on 2024-12-19
2024-12-20T07:47:31.038Z info: Inserted transaction into Transactions_TMP for RHXBXZ3H
2024-12-20T07:47:31.043Z info: Transactions for 2024-12-20: 6 transactions
2024-12-20T07:48:28.249Z info: Checking transactions for 2024-12-20
2024-12-20T07:48:28.257Z info: Fetching transactions for date: 2024-12-20
2024-12-20T07:48:31.117Z info: Fetched transactions for 2024-12-20: undefined transactions
2024-12-20T07:48:31.117Z info: Holiday check for 2024-12-20: Sri Lanka holiday = false, Maldives holiday = false
2024-12-20T07:48:31.118Z info: No system holiday on 2024-12-20
2024-12-20T07:48:31.118Z info: Holiday check for 2024-12-19: Sri Lanka holiday = false, Maldives holiday = false
2024-12-20T07:48:31.118Z info: No system holiday on 2024-12-19
2024-12-20T07:48:31.199Z info: Inserted transaction into Transactions_TMP for 3B9ENQZA
2024-12-20T07:48:31.200Z info: Holiday check for 2024-12-19: Sri Lanka holiday = false, Maldives holiday = false
2024-12-20T07:48:31.200Z info: No system holiday on 2024-12-19
2024-12-20T07:48:31.229Z info: Inserted transaction into Transactions_TMP for K1DOBELI
2024-12-20T07:48:31.229Z info: Holiday check for 2024-12-19: Sri Lanka holiday = false, Maldives holiday = false
2024-12-20T07:48:31.230Z info: No system holiday on 2024-12-19
2024-12-20T07:48:31.257Z info: Inserted transaction into Transactions_TMP for M2VLG693
2024-12-20T07:48:31.258Z info: Holiday check for 2024-12-19: Sri Lanka holiday = false, Maldives holiday = false
2024-12-20T07:48:31.258Z info: No system holiday on 2024-12-19
2024-12-20T07:48:31.284Z info: Inserted transaction into Transactions_TMP for O7DETAH2
2024-12-20T07:48:31.285Z info: Holiday check for 2024-12-19: Sri Lanka holiday = false, Maldives holiday = false
2024-12-20T07:48:31.285Z info: No system holiday on 2024-12-19
2024-12-20T07:48:31.315Z info: Inserted transaction into Transactions_TMP for UW9B4FIG
2024-12-20T07:48:31.316Z info: Holiday check for 2024-12-19: Sri Lanka holiday = false, Maldives holiday = false
2024-12-20T07:48:31.317Z info: No system holiday on 2024-12-19
2024-12-20T07:48:31.353Z info: Inserted transaction into Transactions_TMP for T6BJG962
2024-12-20T07:48:31.357Z info: Transactions for 2024-12-20: 6 transactions
2024-12-20T07:49:28.250Z info: Checking transactions for 2024-12-20
2024-12-20T07:49:28.258Z info: Fetching transactions for date: 2024-12-20
2024-12-20T07:49:30.928Z info: Fetched transactions for 2024-12-20: undefined transactions
2024-12-20T07:49:30.929Z info: Holiday check for 2024-12-20: Sri Lanka holiday = false, Maldives holiday = false
2024-12-20T07:49:30.929Z info: No system holiday on 2024-12-20
2024-12-20T07:49:30.929Z info: Holiday check for 2024-12-19: Sri Lanka holiday = false, Maldives holiday = false
2024-12-20T07:49:30.930Z info: No system holiday on 2024-12-19
2024-12-20T07:49:31.127Z info: Inserted transaction into Transactions_TMP for 6LQ3MBZE
2024-12-20T07:49:31.127Z info: Holiday check for 2024-12-19: Sri Lanka holiday = false, Maldives holiday = false
2024-12-20T07:49:31.128Z info: No system holiday on 2024-12-19
2024-12-20T07:49:31.150Z info: Inserted transaction into Transactions_TMP for KMG2CRVW
2024-12-20T07:49:31.151Z info: Holiday check for 2024-12-19: Sri Lanka holiday = false, Maldives holiday = false
2024-12-20T07:49:31.151Z info: No system holiday on 2024-12-19
2024-12-20T07:49:31.214Z info: Inserted transaction into Transactions_TMP for N69N1G1E
2024-12-20T07:49:31.214Z info: Holiday check for 2024-12-19: Sri Lanka holiday = false, Maldives holiday = false
2024-12-20T07:49:31.215Z info: No system holiday on 2024-12-19
2024-12-20T07:49:31.279Z info: Inserted transaction into Transactions_TMP for GZ6WVKYT
2024-12-20T07:49:31.280Z info: Holiday check for 2024-12-19: Sri Lanka holiday = false, Maldives holiday = false
2024-12-20T07:49:31.280Z info: No system holiday on 2024-12-19
2024-12-20T07:49:31.303Z info: Inserted transaction into Transactions_TMP for OPLK4DQF
2024-12-20T07:49:31.304Z info: Holiday check for 2024-12-19: Sri Lanka holiday = false, Maldives holiday = false
2024-12-20T07:49:31.304Z info: No system holiday on 2024-12-19
2024-12-20T07:49:31.369Z info: Inserted transaction into Transactions_TMP for V1I3B8RT
2024-12-20T07:49:31.377Z info: Transactions for 2024-12-20: 6 transactions
2024-12-20T07:50:28.256Z info: Checking transactions for 2024-12-20
2024-12-20T07:50:28.260Z info: Fetching transactions for date: 2024-12-20
2024-12-20T07:50:30.808Z info: Fetched transactions for 2024-12-20: undefined transactions
2024-12-20T07:50:30.809Z info: Holiday check for 2024-12-20: Sri Lanka holiday = false, Maldives holiday = false
2024-12-20T07:50:30.809Z info: No system holiday on 2024-12-20
2024-12-20T07:50:30.810Z info: Holiday check for 2024-12-19: Sri Lanka holiday = false, Maldives holiday = false
2024-12-20T07:50:30.810Z info: No system holiday on 2024-12-19
2024-12-20T07:50:30.883Z info: Inserted transaction into Transactions_TMP for U9IE1KY0
2024-12-20T07:50:30.884Z info: Holiday check for 2024-12-19: Sri Lanka holiday = false, Maldives holiday = false
2024-12-20T07:50:30.884Z info: No system holiday on 2024-12-19
2024-12-20T07:50:30.912Z info: Inserted transaction into Transactions_TMP for 5INVGEE7
2024-12-20T07:50:30.912Z info: Holiday check for 2024-12-19: Sri Lanka holiday = false, Maldives holiday = false
2024-12-20T07:50:30.912Z info: No system holiday on 2024-12-19
2024-12-20T07:50:30.940Z info: Inserted transaction into Transactions_TMP for 8JRRBS3I
2024-12-20T07:50:30.940Z info: Holiday check for 2024-12-19: Sri Lanka holiday = false, Maldives holiday = false
2024-12-20T07:50:30.941Z info: No system holiday on 2024-12-19
2024-12-20T07:50:30.966Z info: Inserted transaction into Transactions_TMP for GRDTX1ON
2024-12-20T07:50:30.966Z info: Holiday check for 2024-12-19: Sri Lanka holiday = false, Maldives holiday = false
2024-12-20T07:50:30.966Z info: No system holiday on 2024-12-19
2024-12-20T07:50:30.996Z info: Inserted transaction into Transactions_TMP for GUBZ2JAM
2024-12-20T07:50:30.996Z info: Holiday check for 2024-12-19: Sri Lanka holiday = false, Maldives holiday = false
2024-12-20T07:50:30.996Z info: No system holiday on 2024-12-19
2024-12-20T07:50:31.023Z info: Inserted transaction into Transactions_TMP for AZODFO03
2024-12-20T07:50:31.029Z info: Transactions for 2024-12-20: 6 transactions
2024-12-20T07:51:28.265Z info: Checking transactions for 2024-12-20
2024-12-20T07:51:28.272Z info: Fetching transactions for date: 2024-12-20
2024-12-20T07:51:32.054Z info: Fetched transactions for 2024-12-20: undefined transactions
2024-12-20T07:51:32.055Z info: Holiday check for 2024-12-20: Sri Lanka holiday = false, Maldives holiday = false
2024-12-20T07:51:32.056Z info: No system holiday on 2024-12-20
2024-12-20T07:51:32.057Z info: Holiday check for 2024-12-19: Sri Lanka holiday = false, Maldives holiday = false
2024-12-20T07:51:32.057Z info: No system holiday on 2024-12-19
2024-12-20T07:51:32.277Z info: Inserted transaction into Transactions_TMP for 76AIJDBU
2024-12-20T07:51:32.277Z info: Holiday check for 2024-12-19: Sri Lanka holiday = false, Maldives holiday = false
2024-12-20T07:51:32.277Z info: No system holiday on 2024-12-19
2024-12-20T07:51:32.453Z info: Inserted transaction into Transactions_TMP for U0Q7ID7S
2024-12-20T07:51:32.454Z info: Holiday check for 2024-12-19: Sri Lanka holiday = false, Maldives holiday = false
2024-12-20T07:51:32.454Z info: No system holiday on 2024-12-19
2024-12-20T07:51:32.603Z info: Inserted transaction into Transactions_TMP for DHAEKDM6
2024-12-20T07:51:32.604Z info: Holiday check for 2024-12-19: Sri Lanka holiday = false, Maldives holiday = false
2024-12-20T07:51:32.604Z info: No system holiday on 2024-12-19
2024-12-20T07:51:32.768Z info: Inserted transaction into Transactions_TMP for N2OZX4FD
2024-12-20T07:51:32.769Z info: Holiday check for 2024-12-19: Sri Lanka holiday = false, Maldives holiday = false
2024-12-20T07:51:32.770Z info: No system holiday on 2024-12-19
2024-12-20T07:51:32.842Z info: Inserted transaction into Transactions_TMP for RS8E3F6S
2024-12-20T07:51:32.844Z info: Holiday check for 2024-12-19: Sri Lanka holiday = false, Maldives holiday = false
2024-12-20T07:51:32.845Z info: No system holiday on 2024-12-19
2024-12-20T07:51:32.881Z info: Inserted transaction into Transactions_TMP for BNSDWTLH
2024-12-20T07:51:32.892Z info: Transactions for 2024-12-20: 6 transactions
2024-12-20T07:52:28.278Z info: Checking transactions for 2024-12-20
2024-12-20T07:52:28.281Z info: Fetching transactions for date: 2024-12-20
2024-12-20T07:52:30.843Z info: Fetched transactions for 2024-12-20: undefined transactions
2024-12-20T07:52:30.844Z info: Holiday check for 2024-12-20: Sri Lanka holiday = false, Maldives holiday = false
2024-12-20T07:52:30.844Z info: No system holiday on 2024-12-20
2024-12-20T07:52:30.845Z info: Holiday check for 2024-12-19: Sri Lanka holiday = false, Maldives holiday = false
2024-12-20T07:52:30.846Z info: No system holiday on 2024-12-19
2024-12-20T07:52:30.920Z info: Inserted transaction into Transactions_TMP for X445CU29
2024-12-20T07:52:30.921Z info: Holiday check for 2024-12-19: Sri Lanka holiday = false, Maldives holiday = false
2024-12-20T07:52:30.922Z info: No system holiday on 2024-12-19
2024-12-20T07:52:30.955Z info: Inserted transaction into Transactions_TMP for W0XT5073
2024-12-20T07:52:30.956Z info: Holiday check for 2024-12-19: Sri Lanka holiday = false, Maldives holiday = false
2024-12-20T07:52:30.956Z info: No system holiday on 2024-12-19
2024-12-20T07:52:30.984Z info: Inserted transaction into Transactions_TMP for NLR9RU92
2024-12-20T07:52:30.985Z info: Holiday check for 2024-12-19: Sri Lanka holiday = false, Maldives holiday = false
2024-12-20T07:52:30.985Z info: No system holiday on 2024-12-19
2024-12-20T07:52:31.018Z info: Inserted transaction into Transactions_TMP for 8W563MHC
2024-12-20T07:52:31.018Z info: Holiday check for 2024-12-19: Sri Lanka holiday = false, Maldives holiday = false
2024-12-20T07:52:31.019Z info: No system holiday on 2024-12-19
2024-12-20T07:52:31.049Z info: Inserted transaction into Transactions_TMP for LSMUISDM
2024-12-20T07:52:31.049Z info: Holiday check for 2024-12-19: Sri Lanka holiday = false, Maldives holiday = false
2024-12-20T07:52:31.049Z info: No system holiday on 2024-12-19
2024-12-20T07:52:31.075Z info: Inserted transaction into Transactions_TMP for WOEXRHQS
2024-12-20T07:52:31.080Z info: Transactions for 2024-12-20: 6 transactions
2024-12-20T07:53:28.287Z info: Checking transactions for 2024-12-20
2024-12-20T07:53:28.289Z info: Fetching transactions for date: 2024-12-20
2024-12-20T07:53:30.888Z info: Fetched transactions for 2024-12-20: undefined transactions
2024-12-20T07:53:30.889Z info: Holiday check for 2024-12-20: Sri Lanka holiday = false, Maldives holiday = false
2024-12-20T07:53:30.889Z info: No system holiday on 2024-12-20
2024-12-20T07:53:30.890Z info: Holiday check for 2024-12-19: Sri Lanka holiday = false, Maldives holiday = false
2024-12-20T07:53:30.890Z info: No system holiday on 2024-12-19
2024-12-20T07:53:30.964Z info: Inserted transaction into Transactions_TMP for GCM76BP9
2024-12-20T07:53:30.964Z info: Holiday check for 2024-12-19: Sri Lanka holiday = false, Maldives holiday = false
2024-12-20T07:53:30.964Z info: No system holiday on 2024-12-19
2024-12-20T07:53:30.989Z info: Inserted transaction into Transactions_TMP for 7QJQH42X
2024-12-20T07:53:30.989Z info: Holiday check for 2024-12-19: Sri Lanka holiday = false, Maldives holiday = false
2024-12-20T07:53:30.989Z info: No system holiday on 2024-12-19
2024-12-20T07:53:31.016Z info: Inserted transaction into Transactions_TMP for 2M9RU2S7
2024-12-20T07:53:31.016Z info: Holiday check for 2024-12-19: Sri Lanka holiday = false, Maldives holiday = false
2024-12-20T07:53:31.016Z info: No system holiday on 2024-12-19
2024-12-20T07:53:31.044Z info: Inserted transaction into Transactions_TMP for XPRXS5HI
2024-12-20T07:53:31.044Z info: Holiday check for 2024-12-19: Sri Lanka holiday = false, Maldives holiday = false
2024-12-20T07:53:31.044Z info: No system holiday on 2024-12-19
2024-12-20T07:53:31.070Z info: Inserted transaction into Transactions_TMP for UIFJ16SV
2024-12-20T07:53:31.071Z info: Holiday check for 2024-12-19: Sri Lanka holiday = false, Maldives holiday = false
2024-12-20T07:53:31.071Z info: No system holiday on 2024-12-19
2024-12-20T07:53:31.099Z info: Inserted transaction into Transactions_TMP for CAVRUEOF
2024-12-20T07:53:31.106Z info: Transactions for 2024-12-20: 6 transactions
2024-12-20T07:54:28.302Z info: Checking transactions for 2024-12-20
2024-12-20T07:54:28.304Z info: Fetching transactions for date: 2024-12-20
2024-12-20T07:54:32.463Z info: Fetched transactions for 2024-12-20: undefined transactions
2024-12-20T07:54:32.464Z info: Holiday check for 2024-12-20: Sri Lanka holiday = false, Maldives holiday = false
2024-12-20T07:54:32.464Z info: No system holiday on 2024-12-20
2024-12-20T07:54:32.465Z info: Holiday check for 2024-12-19: Sri Lanka holiday = false, Maldives holiday = false
2024-12-20T07:54:32.465Z info: No system holiday on 2024-12-19
2024-12-20T07:54:32.553Z info: Inserted transaction into Transactions_TMP for 2VQGXJPC
2024-12-20T07:54:32.554Z info: Holiday check for 2024-12-19: Sri Lanka holiday = false, Maldives holiday = false
2024-12-20T07:54:32.554Z info: No system holiday on 2024-12-19
2024-12-20T07:54:32.583Z info: Inserted transaction into Transactions_TMP for D3QNI4AC
2024-12-20T07:54:32.583Z info: Holiday check for 2024-12-19: Sri Lanka holiday = false, Maldives holiday = false
2024-12-20T07:54:32.583Z info: No system holiday on 2024-12-19
2024-12-20T07:54:32.612Z info: Inserted transaction into Transactions_TMP for OCFNPG99
2024-12-20T07:54:32.612Z info: Holiday check for 2024-12-19: Sri Lanka holiday = false, Maldives holiday = false
2024-12-20T07:54:32.612Z info: No system holiday on 2024-12-19
2024-12-20T07:54:32.642Z info: Inserted transaction into Transactions_TMP for 9AGJAZWT
2024-12-20T07:54:32.642Z info: Holiday check for 2024-12-19: Sri Lanka holiday = false, Maldives holiday = false
2024-12-20T07:54:32.643Z info: No system holiday on 2024-12-19
2024-12-20T07:54:32.684Z info: Inserted transaction into Transactions_TMP for A5BADM6M
2024-12-20T07:54:32.685Z info: Holiday check for 2024-12-19: Sri Lanka holiday = false, Maldives holiday = false
2024-12-20T07:54:32.686Z info: No system holiday on 2024-12-19
2024-12-20T07:54:32.718Z info: Inserted transaction into Transactions_TMP for AL8R3HKU
2024-12-20T07:54:32.729Z info: Transactions for 2024-12-20: 6 transactions
2024-12-20T07:55:28.307Z info: Checking transactions for 2024-12-20
2024-12-20T07:55:28.314Z info: Fetching transactions for date: 2024-12-20
2024-12-20T07:55:30.744Z info: Fetched transactions for 2024-12-20: undefined transactions
2024-12-20T07:55:30.744Z info: Holiday check for 2024-12-20: Sri Lanka holiday = false, Maldives holiday = false
2024-12-20T07:55:30.745Z info: No system holiday on 2024-12-20
2024-12-20T07:55:30.745Z info: Holiday check for 2024-12-19: Sri Lanka holiday = false, Maldives holiday = false
2024-12-20T07:55:30.745Z info: No system holiday on 2024-12-19
2024-12-20T07:55:30.821Z info: Inserted transaction into Transactions_TMP for ZC7OMR8H
2024-12-20T07:55:30.821Z info: Holiday check for 2024-12-19: Sri Lanka holiday = false, Maldives holiday = false
2024-12-20T07:55:30.822Z info: No system holiday on 2024-12-19
2024-12-20T07:55:30.847Z info: Inserted transaction into Transactions_TMP for W7YFYT1Q
2024-12-20T07:55:30.847Z info: Holiday check for 2024-12-19: Sri Lanka holiday = false, Maldives holiday = false
2024-12-20T07:55:30.847Z info: No system holiday on 2024-12-19
2024-12-20T07:55:30.876Z info: Inserted transaction into Transactions_TMP for GP8NOHUX
2024-12-20T07:55:30.876Z info: Holiday check for 2024-12-19: Sri Lanka holiday = false, Maldives holiday = false
2024-12-20T07:55:30.877Z info: No system holiday on 2024-12-19
2024-12-20T07:55:30.907Z info: Inserted transaction into Transactions_TMP for VRFUCZFR
2024-12-20T07:55:30.907Z info: Holiday check for 2024-12-19: Sri Lanka holiday = false, Maldives holiday = false
2024-12-20T07:55:30.908Z info: No system holiday on 2024-12-19
2024-12-20T07:55:30.933Z info: Inserted transaction into Transactions_TMP for O11RPVAE
2024-12-20T07:55:30.934Z info: Holiday check for 2024-12-19: Sri Lanka holiday = false, Maldives holiday = false
2024-12-20T07:55:30.934Z info: No system holiday on 2024-12-19
2024-12-20T07:55:30.963Z info: Inserted transaction into Transactions_TMP for EAP4T7SP
2024-12-20T07:55:30.970Z info: Transactions for 2024-12-20: 6 transactions
2024-12-20T07:56:28.320Z info: Checking transactions for 2024-12-20
2024-12-20T07:56:28.323Z info: Fetching transactions for date: 2024-12-20
2024-12-20T07:56:30.745Z info: Fetched transactions for 2024-12-20: undefined transactions
2024-12-20T07:56:30.746Z info: Holiday check for 2024-12-20: Sri Lanka holiday = false, Maldives holiday = false
2024-12-20T07:56:30.746Z info: No system holiday on 2024-12-20
2024-12-20T07:56:30.747Z info: Holiday check for 2024-12-19: Sri Lanka holiday = false, Maldives holiday = false
2024-12-20T07:56:30.747Z info: No system holiday on 2024-12-19
2024-12-20T07:56:30.822Z info: Inserted transaction into Transactions_TMP for MVUWVJHY
2024-12-20T07:56:30.822Z info: Holiday check for 2024-12-19: Sri Lanka holiday = false, Maldives holiday = false
2024-12-20T07:56:30.822Z info: No system holiday on 2024-12-19
2024-12-20T07:56:30.847Z info: Inserted transaction into Transactions_TMP for S08F4WO9
2024-12-20T07:56:30.848Z info: Holiday check for 2024-12-19: Sri Lanka holiday = false, Maldives holiday = false
2024-12-20T07:56:30.848Z info: No system holiday on 2024-12-19
2024-12-20T07:56:30.873Z info: Inserted transaction into Transactions_TMP for MOEFXK35
2024-12-20T07:56:30.874Z info: Holiday check for 2024-12-19: Sri Lanka holiday = false, Maldives holiday = false
2024-12-20T07:56:30.874Z info: No system holiday on 2024-12-19
2024-12-20T07:56:30.902Z info: Inserted transaction into Transactions_TMP for VD1YDTKP
2024-12-20T07:56:30.903Z info: Holiday check for 2024-12-19: Sri Lanka holiday = false, Maldives holiday = false
2024-12-20T07:56:30.904Z info: No system holiday on 2024-12-19
2024-12-20T07:56:30.933Z info: Inserted transaction into Transactions_TMP for 2Y70EFXL
2024-12-20T07:56:30.934Z info: Holiday check for 2024-12-19: Sri Lanka holiday = false, Maldives holiday = false
2024-12-20T07:56:30.934Z info: No system holiday on 2024-12-19
2024-12-20T07:56:30.961Z info: Inserted transaction into Transactions_TMP for DEIRTB66
2024-12-20T07:56:30.967Z info: Transactions for 2024-12-20: 6 transactions
2024-12-20T07:57:28.328Z info: Checking transactions for 2024-12-20
2024-12-20T07:57:28.332Z info: Fetching transactions for date: 2024-12-20
2024-12-20T07:57:30.980Z info: Fetched transactions for 2024-12-20: undefined transactions
2024-12-20T07:57:30.981Z info: Holiday check for 2024-12-20: Sri Lanka holiday = false, Maldives holiday = false
2024-12-20T07:57:30.981Z info: No system holiday on 2024-12-20
2024-12-20T07:57:30.982Z info: Holiday check for 2024-12-19: Sri Lanka holiday = false, Maldives holiday = false
2024-12-20T07:57:30.982Z info: No system holiday on 2024-12-19
2024-12-20T07:57:31.056Z info: Inserted transaction into Transactions_TMP for 1VWDA7PF
2024-12-20T07:57:31.057Z info: Holiday check for 2024-12-19: Sri Lanka holiday = false, Maldives holiday = false
2024-12-20T07:57:31.057Z info: No system holiday on 2024-12-19
2024-12-20T07:57:31.084Z info: Inserted transaction into Transactions_TMP for VU8F9LYZ
2024-12-20T07:57:31.085Z info: Holiday check for 2024-12-19: Sri Lanka holiday = false, Maldives holiday = false
2024-12-20T07:57:31.085Z info: No system holiday on 2024-12-19
2024-12-20T07:57:31.111Z info: Inserted transaction into Transactions_TMP for PII5LHTH
2024-12-20T07:57:31.111Z info: Holiday check for 2024-12-19: Sri Lanka holiday = false, Maldives holiday = false
2024-12-20T07:57:31.111Z info: No system holiday on 2024-12-19
2024-12-20T07:57:31.136Z info: Inserted transaction into Transactions_TMP for T88CKM4M
2024-12-20T07:57:31.136Z info: Holiday check for 2024-12-19: Sri Lanka holiday = false, Maldives holiday = false
2024-12-20T07:57:31.137Z info: No system holiday on 2024-12-19
2024-12-20T07:57:31.171Z info: Inserted transaction into Transactions_TMP for 9Y1SRWCG
2024-12-20T07:57:31.171Z info: Holiday check for 2024-12-19: Sri Lanka holiday = false, Maldives holiday = false
2024-12-20T07:57:31.172Z info: No system holiday on 2024-12-19
2024-12-20T07:57:31.199Z info: Inserted transaction into Transactions_TMP for HSGURMOD
2024-12-20T07:57:31.207Z info: Transactions for 2024-12-20: 6 transactions
2024-12-20T08:28:50.095Z info: Checking transactions for 2024-12-20
2024-12-20T08:28:50.159Z info: Fetching transactions for date: 2024-12-20
2024-12-20T08:28:55.603Z info: Fetched transactions for 2024-12-20: undefined transactions
2024-12-20T08:28:55.604Z info: Holiday check for 2024-12-20: Sri Lanka holiday = false, Maldives holiday = false
2024-12-20T08:28:55.604Z info: No system holiday on 2024-12-20
2024-12-20T08:28:55.605Z info: Holiday check for 2024-12-19: Sri Lanka holiday = false, Maldives holiday = false
2024-12-20T08:28:55.606Z info: No system holiday on 2024-12-19
2024-12-20T08:29:10.629Z info: Inserted transaction into Transactions_TMP for KIYV41JU
2024-12-20T08:29:10.630Z info: Holiday check for 2024-12-19: Sri Lanka holiday = false, Maldives holiday = false
2024-12-20T08:29:10.631Z info: No system holiday on 2024-12-19
2024-12-20T08:29:25.642Z info: Inserted transaction into Transactions_TMP for Q8IP9XJF
2024-12-20T08:29:25.642Z info: Holiday check for 2024-12-19: Sri Lanka holiday = false, Maldives holiday = false
2024-12-20T08:29:25.643Z info: No system holiday on 2024-12-19
2024-12-20T08:29:40.656Z info: Inserted transaction into Transactions_TMP for BPZW6VSK
2024-12-20T08:29:40.657Z info: Holiday check for 2024-12-19: Sri Lanka holiday = false, Maldives holiday = false
2024-12-20T08:29:40.658Z info: No system holiday on 2024-12-19
2024-12-20T08:29:50.108Z info: Checking transactions for 2024-12-20
2024-12-20T08:29:50.114Z info: Fetching transactions for date: 2024-12-20
2024-12-20T08:29:52.542Z info: Fetched transactions for 2024-12-20: undefined transactions
2024-12-20T08:29:52.542Z info: Holiday check for 2024-12-20: Sri Lanka holiday = false, Maldives holiday = false
2024-12-20T08:29:52.543Z info: No system holiday on 2024-12-20
2024-12-20T08:29:52.543Z info: Holiday check for 2024-12-19: Sri Lanka holiday = false, Maldives holiday = false
2024-12-20T08:29:52.543Z info: No system holiday on 2024-12-19
2024-12-20T08:29:55.678Z info: Inserted transaction into Transactions_TMP for 8XRR9UCO
2024-12-20T08:29:55.680Z info: Holiday check for 2024-12-19: Sri Lanka holiday = false, Maldives holiday = false
2024-12-20T08:29:55.680Z info: No system holiday on 2024-12-19
2024-12-20T08:30:07.557Z info: Inserted transaction into Transactions_TMP for 17H147CT
2024-12-20T08:30:07.557Z info: Holiday check for 2024-12-19: Sri Lanka holiday = false, Maldives holiday = false
2024-12-20T08:30:07.558Z info: No system holiday on 2024-12-19
2024-12-20T08:30:10.700Z info: Inserted transaction into Transactions_TMP for D5IBE83U
2024-12-20T08:30:10.700Z info: Holiday check for 2024-12-19: Sri Lanka holiday = false, Maldives holiday = false
2024-12-20T08:30:10.701Z info: No system holiday on 2024-12-19
2024-12-20T08:30:22.575Z info: Inserted transaction into Transactions_TMP for 7XWKM80F
2024-12-20T08:30:22.576Z info: Holiday check for 2024-12-19: Sri Lanka holiday = false, Maldives holiday = false
2024-12-20T08:30:22.576Z info: No system holiday on 2024-12-19
2024-12-20T08:30:25.720Z info: Inserted transaction into Transactions_TMP for CQYL75Q7
2024-12-20T08:30:25.727Z info: Transactions for 2024-12-20: 6 transactions
2024-12-20T08:30:37.580Z info: Inserted transaction into Transactions_TMP for SPY6H4YG
2024-12-20T08:30:37.581Z info: Holiday check for 2024-12-19: Sri Lanka holiday = false, Maldives holiday = false
2024-12-20T08:30:37.581Z info: No system holiday on 2024-12-19
2024-12-20T08:30:50.117Z info: Checking transactions for 2024-12-20
2024-12-20T08:30:50.122Z info: Fetching transactions for date: 2024-12-20
2024-12-20T08:30:52.491Z info: Fetched transactions for 2024-12-20: undefined transactions
2024-12-20T08:30:52.492Z info: Holiday check for 2024-12-20: Sri Lanka holiday = false, Maldives holiday = false
2024-12-20T08:30:52.493Z info: No system holiday on 2024-12-20
2024-12-20T08:30:52.493Z info: Holiday check for 2024-12-19: Sri Lanka holiday = false, Maldives holiday = false
2024-12-20T08:30:52.493Z info: No system holiday on 2024-12-19
2024-12-20T08:30:52.588Z info: Inserted transaction into Transactions_TMP for XDAHJEEZ
2024-12-20T08:30:52.589Z info: Holiday check for 2024-12-19: Sri Lanka holiday = false, Maldives holiday = false
2024-12-20T08:30:52.590Z info: No system holiday on 2024-12-19
2024-12-20T08:31:07.507Z info: Inserted transaction into Transactions_TMP for GD9EOEAC
2024-12-20T08:31:07.508Z info: Holiday check for 2024-12-19: Sri Lanka holiday = false, Maldives holiday = false
2024-12-20T08:31:07.508Z info: No system holiday on 2024-12-19
2024-12-20T08:31:07.599Z info: Inserted transaction into Transactions_TMP for MQ9YFFOR
2024-12-20T08:31:07.600Z info: Holiday check for 2024-12-19: Sri Lanka holiday = false, Maldives holiday = false
2024-12-20T08:31:07.600Z info: No system holiday on 2024-12-19
2024-12-20T08:31:22.518Z info: Inserted transaction into Transactions_TMP for K8K9S85E
2024-12-20T08:31:22.519Z info: Holiday check for 2024-12-19: Sri Lanka holiday = false, Maldives holiday = false
2024-12-20T08:31:22.519Z info: No system holiday on 2024-12-19
2024-12-20T08:31:22.610Z info: Inserted transaction into Transactions_TMP for 1M0ZC907
2024-12-20T08:31:22.620Z info: Transactions for 2024-12-20: 6 transactions
