2025-01-02T03:36:37.049Z info: Server running on http://localhost:3020
2025-01-02T03:37:37.058Z info: Checking transactions for 2025-01-02
2025-01-02T03:37:37.085Z info: Fetching transactions for date: 2025-01-02
2025-01-02T03:37:40.382Z info: Fetched transactions for 2025-01-02: undefined transactions
2025-01-02T03:37:40.439Z info: New day detected, fetching holiday data...
2025-01-02T03:37:41.085Z info: Fetched holidays for LK on 2025-01-02
2025-01-02T03:37:41.255Z info: Fetched holidays for MV on 2025-01-02
2025-01-02T03:38:37.066Z info: Checking transactions for 2025-01-02
2025-01-02T03:38:37.073Z info: Fetching transactions for date: 2025-01-02
2025-01-02T03:38:39.648Z info: Fetched transactions for 2025-01-02: undefined transactions
2025-01-02T03:38:39.649Z info: Holiday check for 2025-01-02: Sri Lanka holiday = false, Maldives holiday = false
2025-01-02T03:38:39.649Z info: No system holiday on 2025-01-02
2025-01-02T03:38:39.755Z info: Holiday check for 2025-01-01: Sri Lanka holiday = false, Maldives holiday = false
2025-01-02T03:38:39.756Z info: No system holiday on 2025-01-01
2025-01-02T03:38:39.777Z info: Inserted transaction into Transactions_TMP for 1Q3CPAAW
2025-01-02T03:38:39.797Z info: Holiday check for 2025-01-01: Sri Lanka holiday = false, Maldives holiday = false
2025-01-02T03:38:39.798Z info: No system holiday on 2025-01-01
2025-01-02T03:38:39.819Z info: Inserted transaction into Transactions_TMP for 03P93F51
2025-01-02T03:38:39.826Z info: Transactions for 2025-01-02: 2 transactions
2025-01-02T03:39:37.076Z info: Checking transactions for 2025-01-02
2025-01-02T03:39:37.082Z info: Fetching transactions for date: 2025-01-02
2025-01-02T03:39:39.664Z info: Fetched transactions for 2025-01-02: undefined transactions
2025-01-02T03:39:39.666Z info: Holiday check for 2025-01-02: Sri Lanka holiday = false, Maldives holiday = false
2025-01-02T03:39:39.667Z info: No system holiday on 2025-01-02
2025-01-02T03:39:39.771Z info: Holiday check for 2025-01-01: Sri Lanka holiday = false, Maldives holiday = false
2025-01-02T03:39:39.772Z info: No system holiday on 2025-01-01
2025-01-02T03:39:39.808Z info: Inserted transaction into Transactions_TMP for OL6FM8DQ
2025-01-02T03:39:39.829Z info: Holiday check for 2025-01-01: Sri Lanka holiday = false, Maldives holiday = false
2025-01-02T03:39:39.830Z info: No system holiday on 2025-01-01
2025-01-02T03:39:39.856Z info: Inserted transaction into Transactions_TMP for I5T9WBOT
2025-01-02T03:39:39.860Z info: Transactions for 2025-01-02: 2 transactions
2025-01-02T03:40:37.077Z info: Checking transactions for 2025-01-02
2025-01-02T03:40:37.086Z info: Fetching transactions for date: 2025-01-02
2025-01-02T03:40:39.726Z info: Fetched transactions for 2025-01-02: undefined transactions
2025-01-02T03:40:39.727Z info: Holiday check for 2025-01-02: Sri Lanka holiday = false, Maldives holiday = false
2025-01-02T03:40:39.727Z info: No system holiday on 2025-01-02
2025-01-02T03:40:39.791Z info: Holiday check for 2025-01-01: Sri Lanka holiday = false, Maldives holiday = false
2025-01-02T03:40:39.792Z info: No system holiday on 2025-01-01
2025-01-02T03:40:39.825Z info: Inserted transaction into Transactions_TMP for NAW1WUUH
2025-01-02T03:40:39.845Z info: Holiday check for 2025-01-01: Sri Lanka holiday = false, Maldives holiday = false
2025-01-02T03:40:39.846Z info: No system holiday on 2025-01-01
2025-01-02T03:40:39.879Z info: Inserted transaction into Transactions_TMP for T3OCT1JK
2025-01-02T03:40:39.883Z info: Transactions for 2025-01-02: 2 transactions
2025-01-02T03:41:37.092Z info: Checking transactions for 2025-01-02
2025-01-02T03:41:37.099Z info: Fetching transactions for date: 2025-01-02
2025-01-02T03:41:39.636Z info: Fetched transactions for 2025-01-02: undefined transactions
2025-01-02T03:41:39.637Z info: Holiday check for 2025-01-02: Sri Lanka holiday = false, Maldives holiday = false
2025-01-02T03:41:39.637Z info: No system holiday on 2025-01-02
2025-01-02T03:41:39.729Z info: Holiday check for 2025-01-01: Sri Lanka holiday = false, Maldives holiday = false
2025-01-02T03:41:39.729Z info: No system holiday on 2025-01-01
2025-01-02T03:41:39.764Z info: Inserted transaction into Transactions_TMP for O69EQMCC
2025-01-02T03:41:39.790Z info: Holiday check for 2025-01-01: Sri Lanka holiday = false, Maldives holiday = false
2025-01-02T03:41:39.791Z info: No system holiday on 2025-01-01
2025-01-02T03:41:39.815Z info: Inserted transaction into Transactions_TMP for FZOV8RTW
2025-01-02T03:41:39.820Z info: Transactions for 2025-01-02: 2 transactions
2025-01-02T03:42:37.103Z info: Checking transactions for 2025-01-02
2025-01-02T03:42:37.107Z info: Fetching transactions for date: 2025-01-02
2025-01-02T03:42:39.632Z info: Fetched transactions for 2025-01-02: undefined transactions
2025-01-02T03:42:39.633Z info: Holiday check for 2025-01-02: Sri Lanka holiday = false, Maldives holiday = false
2025-01-02T03:42:39.634Z info: No system holiday on 2025-01-02
2025-01-02T03:42:39.699Z info: Holiday check for 2025-01-01: Sri Lanka holiday = false, Maldives holiday = false
2025-01-02T03:42:39.699Z info: No system holiday on 2025-01-01
2025-01-02T03:42:39.735Z info: Inserted transaction into Transactions_TMP for X3KXQ2CA
2025-01-02T03:42:39.766Z info: Holiday check for 2025-01-01: Sri Lanka holiday = false, Maldives holiday = false
2025-01-02T03:42:39.767Z info: No system holiday on 2025-01-01
2025-01-02T03:42:39.796Z info: Inserted transaction into Transactions_TMP for PQCFFLCP
2025-01-02T03:42:39.800Z info: Transactions for 2025-01-02: 2 transactions
2025-01-02T03:43:37.112Z info: Checking transactions for 2025-01-02
2025-01-02T03:43:37.118Z info: Fetching transactions for date: 2025-01-02
2025-01-02T03:43:39.669Z info: Fetched transactions for 2025-01-02: undefined transactions
2025-01-02T03:43:39.670Z info: Holiday check for 2025-01-02: Sri Lanka holiday = false, Maldives holiday = false
2025-01-02T03:43:39.670Z info: No system holiday on 2025-01-02
2025-01-02T03:43:39.734Z info: Holiday check for 2025-01-01: Sri Lanka holiday = false, Maldives holiday = false
2025-01-02T03:43:39.735Z info: No system holiday on 2025-01-01
2025-01-02T03:43:39.769Z info: Inserted transaction into Transactions_TMP for 0J1N8HV0
2025-01-02T03:43:39.789Z info: Holiday check for 2025-01-01: Sri Lanka holiday = false, Maldives holiday = false
2025-01-02T03:43:39.790Z info: No system holiday on 2025-01-01
2025-01-02T03:43:39.822Z info: Inserted transaction into Transactions_TMP for FMJINKD1
2025-01-02T03:43:39.825Z info: Transactions for 2025-01-02: 2 transactions
2025-01-02T03:44:37.116Z info: Checking transactions for 2025-01-02
2025-01-02T03:44:37.122Z info: Fetching transactions for date: 2025-01-02
2025-01-02T03:44:39.687Z info: Fetched transactions for 2025-01-02: undefined transactions
2025-01-02T03:44:39.688Z info: Holiday check for 2025-01-02: Sri Lanka holiday = false, Maldives holiday = false
2025-01-02T03:44:39.688Z info: No system holiday on 2025-01-02
2025-01-02T03:44:39.807Z info: Holiday check for 2025-01-01: Sri Lanka holiday = false, Maldives holiday = false
2025-01-02T03:44:39.808Z info: No system holiday on 2025-01-01
2025-01-02T03:44:39.831Z info: Inserted transaction into Transactions_TMP for MJ90O7YM
2025-01-02T03:44:39.852Z info: Holiday check for 2025-01-01: Sri Lanka holiday = false, Maldives holiday = false
2025-01-02T03:44:39.852Z info: No system holiday on 2025-01-01
2025-01-02T03:44:39.873Z info: Inserted transaction into Transactions_TMP for LHO3MCUB
2025-01-02T03:44:39.876Z info: Transactions for 2025-01-02: 2 transactions
2025-01-02T03:45:37.131Z info: Checking transactions for 2025-01-02
2025-01-02T03:45:37.137Z info: Fetching transactions for date: 2025-01-02
2025-01-02T03:45:39.687Z info: Fetched transactions for 2025-01-02: undefined transactions
2025-01-02T03:45:39.688Z info: Holiday check for 2025-01-02: Sri Lanka holiday = false, Maldives holiday = false
2025-01-02T03:45:39.688Z info: No system holiday on 2025-01-02
2025-01-02T03:45:39.992Z info: Holiday check for 2025-01-01: Sri Lanka holiday = false, Maldives holiday = false
2025-01-02T03:45:39.993Z info: No system holiday on 2025-01-01
2025-01-02T03:45:40.039Z info: Inserted transaction into Transactions_TMP for 47Q0TWJS
2025-01-02T03:45:40.064Z info: Holiday check for 2025-01-01: Sri Lanka holiday = false, Maldives holiday = false
2025-01-02T03:45:40.064Z info: No system holiday on 2025-01-01
2025-01-02T03:45:40.095Z info: Inserted transaction into Transactions_TMP for 0BA5VFAM
2025-01-02T03:45:40.100Z info: Transactions for 2025-01-02: 2 transactions
2025-01-02T03:46:37.135Z info: Checking transactions for 2025-01-02
2025-01-02T03:46:37.138Z info: Fetching transactions for date: 2025-01-02
2025-01-02T03:46:39.679Z info: Fetched transactions for 2025-01-02: undefined transactions
2025-01-02T03:46:39.680Z info: Holiday check for 2025-01-02: Sri Lanka holiday = false, Maldives holiday = false
2025-01-02T03:46:39.681Z info: No system holiday on 2025-01-02
2025-01-02T03:46:39.756Z info: Holiday check for 2025-01-01: Sri Lanka holiday = false, Maldives holiday = false
2025-01-02T03:46:39.757Z info: No system holiday on 2025-01-01
2025-01-02T03:46:39.792Z info: Inserted transaction into Transactions_TMP for WCGW1YPC
2025-01-02T03:46:39.819Z info: Holiday check for 2025-01-01: Sri Lanka holiday = false, Maldives holiday = false
2025-01-02T03:46:39.819Z info: No system holiday on 2025-01-01
2025-01-02T03:46:39.854Z info: Inserted transaction into Transactions_TMP for C7FO1B2Y
2025-01-02T03:46:39.857Z info: Transactions for 2025-01-02: 2 transactions
2025-01-02T03:47:37.148Z info: Checking transactions for 2025-01-02
2025-01-02T03:47:37.151Z info: Fetching transactions for date: 2025-01-02
2025-01-02T03:47:39.594Z info: Fetched transactions for 2025-01-02: undefined transactions
2025-01-02T03:47:39.595Z info: Holiday check for 2025-01-02: Sri Lanka holiday = false, Maldives holiday = false
2025-01-02T03:47:39.595Z info: No system holiday on 2025-01-02
2025-01-02T03:47:39.859Z info: Holiday check for 2025-01-01: Sri Lanka holiday = false, Maldives holiday = false
2025-01-02T03:47:39.859Z info: No system holiday on 2025-01-01
2025-01-02T03:47:39.936Z info: Inserted transaction into Transactions_TMP for NPBIYQPU
2025-01-02T03:47:39.995Z info: Holiday check for 2025-01-01: Sri Lanka holiday = false, Maldives holiday = false
2025-01-02T03:47:39.996Z info: No system holiday on 2025-01-01
2025-01-02T03:47:40.047Z info: Inserted transaction into Transactions_TMP for 5GFZUP96
2025-01-02T03:47:40.050Z info: Transactions for 2025-01-02: 2 transactions
2025-01-02T03:48:37.159Z info: Checking transactions for 2025-01-02
2025-01-02T03:48:37.162Z info: Fetching transactions for date: 2025-01-02
2025-01-02T03:48:40.506Z info: Fetched transactions for 2025-01-02: undefined transactions
2025-01-02T03:48:40.507Z info: Holiday check for 2025-01-02: Sri Lanka holiday = false, Maldives holiday = false
2025-01-02T03:48:40.508Z info: No system holiday on 2025-01-02
2025-01-02T03:48:40.565Z info: Holiday check for 2025-01-01: Sri Lanka holiday = false, Maldives holiday = false
2025-01-02T03:48:40.566Z info: No system holiday on 2025-01-01
2025-01-02T03:48:40.588Z info: Inserted transaction into Transactions_TMP for 0J9ZPLV8
2025-01-02T03:48:40.607Z info: Holiday check for 2025-01-01: Sri Lanka holiday = false, Maldives holiday = false
2025-01-02T03:48:40.608Z info: No system holiday on 2025-01-01
2025-01-02T03:48:40.632Z info: Inserted transaction into Transactions_TMP for 160TKQ0B
2025-01-02T03:48:40.636Z info: Transactions for 2025-01-02: 2 transactions
2025-01-02T03:49:37.173Z info: Checking transactions for 2025-01-02
2025-01-02T03:49:37.179Z info: Fetching transactions for date: 2025-01-02
2025-01-02T03:49:39.628Z info: Fetched transactions for 2025-01-02: undefined transactions
2025-01-02T03:49:39.629Z info: Holiday check for 2025-01-02: Sri Lanka holiday = false, Maldives holiday = false
2025-01-02T03:49:39.629Z info: No system holiday on 2025-01-02
2025-01-02T03:49:39.899Z info: Holiday check for 2025-01-01: Sri Lanka holiday = false, Maldives holiday = false
2025-01-02T03:49:39.900Z info: No system holiday on 2025-01-01
2025-01-02T03:49:39.926Z info: Inserted transaction into Transactions_TMP for EQGHL81T
2025-01-02T03:49:39.941Z info: Holiday check for 2025-01-01: Sri Lanka holiday = false, Maldives holiday = false
2025-01-02T03:49:39.942Z info: No system holiday on 2025-01-01
2025-01-02T03:49:39.970Z info: Inserted transaction into Transactions_TMP for QMILJBW6
2025-01-02T03:49:39.974Z info: Transactions for 2025-01-02: 2 transactions
2025-01-02T03:50:37.183Z info: Checking transactions for 2025-01-02
2025-01-02T03:50:37.191Z info: Fetching transactions for date: 2025-01-02
2025-01-02T03:50:39.652Z info: Fetched transactions for 2025-01-02: undefined transactions
2025-01-02T03:50:39.652Z info: Holiday check for 2025-01-02: Sri Lanka holiday = false, Maldives holiday = false
2025-01-02T03:50:39.652Z info: No system holiday on 2025-01-02
2025-01-02T03:50:39.701Z info: Holiday check for 2025-01-01: Sri Lanka holiday = false, Maldives holiday = false
2025-01-02T03:50:39.701Z info: No system holiday on 2025-01-01
2025-01-02T03:50:39.728Z info: Inserted transaction into Transactions_TMP for 344ZW03N
2025-01-02T03:50:39.744Z info: Holiday check for 2025-01-01: Sri Lanka holiday = false, Maldives holiday = false
2025-01-02T03:50:39.745Z info: No system holiday on 2025-01-01
2025-01-02T03:50:39.764Z info: Inserted transaction into Transactions_TMP for JSYKCGG5
2025-01-02T03:50:39.767Z info: Transactions for 2025-01-02: 2 transactions
2025-01-02T03:51:37.190Z info: Checking transactions for 2025-01-02
2025-01-02T03:51:37.196Z info: Fetching transactions for date: 2025-01-02
2025-01-02T03:51:39.673Z info: Fetched transactions for 2025-01-02: undefined transactions
2025-01-02T03:51:39.674Z info: Holiday check for 2025-01-02: Sri Lanka holiday = false, Maldives holiday = false
2025-01-02T03:51:39.674Z info: No system holiday on 2025-01-02
2025-01-02T03:51:39.743Z info: Holiday check for 2025-01-01: Sri Lanka holiday = false, Maldives holiday = false
2025-01-02T03:51:39.743Z info: No system holiday on 2025-01-01
2025-01-02T03:51:39.773Z info: Inserted transaction into Transactions_TMP for 1XY5TM5W
2025-01-02T03:51:39.801Z info: Holiday check for 2025-01-01: Sri Lanka holiday = false, Maldives holiday = false
2025-01-02T03:51:39.802Z info: No system holiday on 2025-01-01
2025-01-02T03:51:39.831Z info: Inserted transaction into Transactions_TMP for PXN1UHBS
2025-01-02T03:51:39.834Z info: Transactions for 2025-01-02: 2 transactions
2025-01-02T03:52:37.199Z info: Checking transactions for 2025-01-02
2025-01-02T03:52:37.201Z info: Fetching transactions for date: 2025-01-02
2025-01-02T03:52:39.604Z info: Fetched transactions for 2025-01-02: undefined transactions
2025-01-02T03:52:39.605Z info: Holiday check for 2025-01-02: Sri Lanka holiday = false, Maldives holiday = false
2025-01-02T03:52:39.605Z info: No system holiday on 2025-01-02
2025-01-02T03:52:39.658Z info: Holiday check for 2025-01-01: Sri Lanka holiday = false, Maldives holiday = false
2025-01-02T03:52:39.659Z info: No system holiday on 2025-01-01
2025-01-02T03:52:39.680Z info: Inserted transaction into Transactions_TMP for LWMINQJB
2025-01-02T03:52:39.700Z info: Holiday check for 2025-01-01: Sri Lanka holiday = false, Maldives holiday = false
2025-01-02T03:52:39.700Z info: No system holiday on 2025-01-01
2025-01-02T03:52:39.734Z info: Inserted transaction into Transactions_TMP for LH568E4O
2025-01-02T03:52:39.738Z info: Transactions for 2025-01-02: 2 transactions
2025-01-02T03:53:37.203Z info: Checking transactions for 2025-01-02
2025-01-02T03:53:37.208Z info: Fetching transactions for date: 2025-01-02
2025-01-02T03:53:40.051Z info: Fetched transactions for 2025-01-02: undefined transactions
2025-01-02T03:53:40.051Z info: Holiday check for 2025-01-02: Sri Lanka holiday = false, Maldives holiday = false
2025-01-02T03:53:40.052Z info: No system holiday on 2025-01-02
2025-01-02T03:53:40.206Z info: Holiday check for 2025-01-01: Sri Lanka holiday = false, Maldives holiday = false
2025-01-02T03:53:40.207Z info: No system holiday on 2025-01-01
2025-01-02T03:53:40.259Z info: Inserted transaction into Transactions_TMP for RG45BA37
2025-01-02T03:53:40.298Z info: Holiday check for 2025-01-01: Sri Lanka holiday = false, Maldives holiday = false
2025-01-02T03:53:40.299Z info: No system holiday on 2025-01-01
2025-01-02T03:53:40.347Z info: Inserted transaction into Transactions_TMP for OGCK9U10
2025-01-02T03:53:40.354Z info: Transactions for 2025-01-02: 2 transactions
2025-01-02T03:54:37.205Z info: Checking transactions for 2025-01-02
2025-01-02T03:54:37.209Z info: Fetching transactions for date: 2025-01-02
2025-01-02T03:54:39.866Z info: Fetched transactions for 2025-01-02: undefined transactions
2025-01-02T03:54:39.869Z info: Holiday check for 2025-01-02: Sri Lanka holiday = false, Maldives holiday = false
2025-01-02T03:54:39.869Z info: No system holiday on 2025-01-02
2025-01-02T03:54:39.948Z info: Holiday check for 2025-01-01: Sri Lanka holiday = false, Maldives holiday = false
2025-01-02T03:54:39.948Z info: No system holiday on 2025-01-01
2025-01-02T03:54:39.973Z info: Inserted transaction into Transactions_TMP for AJCLRSJN
2025-01-02T03:54:39.997Z info: Holiday check for 2025-01-01: Sri Lanka holiday = false, Maldives holiday = false
2025-01-02T03:54:39.997Z info: No system holiday on 2025-01-01
2025-01-02T03:54:40.035Z info: Inserted transaction into Transactions_TMP for Y6CY5NOF
2025-01-02T03:54:40.039Z info: Transactions for 2025-01-02: 2 transactions
2025-01-02T03:55:37.212Z info: Checking transactions for 2025-01-02
2025-01-02T03:55:37.218Z info: Fetching transactions for date: 2025-01-02
2025-01-02T03:55:39.613Z info: Fetched transactions for 2025-01-02: undefined transactions
2025-01-02T03:55:39.614Z info: Holiday check for 2025-01-02: Sri Lanka holiday = false, Maldives holiday = false
2025-01-02T03:55:39.614Z info: No system holiday on 2025-01-02
2025-01-02T03:55:39.666Z info: Holiday check for 2025-01-01: Sri Lanka holiday = false, Maldives holiday = false
2025-01-02T03:55:39.667Z info: No system holiday on 2025-01-01
2025-01-02T03:55:39.690Z info: Inserted transaction into Transactions_TMP for ZMPI4ZLK
2025-01-02T03:55:39.707Z info: Holiday check for 2025-01-01: Sri Lanka holiday = false, Maldives holiday = false
2025-01-02T03:55:39.708Z info: No system holiday on 2025-01-01
2025-01-02T03:55:39.731Z info: Inserted transaction into Transactions_TMP for AKTX7Z7E
2025-01-02T03:55:39.736Z info: Transactions for 2025-01-02: 2 transactions
2025-01-02T03:56:37.215Z info: Checking transactions for 2025-01-02
2025-01-02T03:56:37.221Z info: Fetching transactions for date: 2025-01-02
2025-01-02T03:56:39.639Z info: Fetched transactions for 2025-01-02: undefined transactions
2025-01-02T03:56:39.640Z info: Holiday check for 2025-01-02: Sri Lanka holiday = false, Maldives holiday = false
2025-01-02T03:56:39.640Z info: No system holiday on 2025-01-02
2025-01-02T03:56:39.743Z info: Holiday check for 2025-01-01: Sri Lanka holiday = false, Maldives holiday = false
2025-01-02T03:56:39.743Z info: No system holiday on 2025-01-01
2025-01-02T03:56:39.782Z info: Inserted transaction into Transactions_TMP for JR2OS03T
2025-01-02T03:56:39.811Z info: Holiday check for 2025-01-01: Sri Lanka holiday = false, Maldives holiday = false
2025-01-02T03:56:39.811Z info: No system holiday on 2025-01-01
2025-01-02T03:56:39.848Z info: Inserted transaction into Transactions_TMP for NGVEUX4X
2025-01-02T03:56:39.852Z info: Transactions for 2025-01-02: 2 transactions
2025-01-02T03:57:37.230Z info: Checking transactions for 2025-01-02
2025-01-02T03:57:37.234Z info: Fetching transactions for date: 2025-01-02
2025-01-02T03:57:40.047Z info: Fetched transactions for 2025-01-02: undefined transactions
2025-01-02T03:57:40.048Z info: Holiday check for 2025-01-02: Sri Lanka holiday = false, Maldives holiday = false
2025-01-02T03:57:40.048Z info: No system holiday on 2025-01-02
2025-01-02T03:57:40.105Z info: Holiday check for 2025-01-01: Sri Lanka holiday = false, Maldives holiday = false
2025-01-02T03:57:40.105Z info: No system holiday on 2025-01-01
2025-01-02T03:57:40.125Z info: Inserted transaction into Transactions_TMP for 8KEQYL0R
2025-01-02T03:57:40.144Z info: Holiday check for 2025-01-01: Sri Lanka holiday = false, Maldives holiday = false
2025-01-02T03:57:40.144Z info: No system holiday on 2025-01-01
2025-01-02T03:57:40.168Z info: Inserted transaction into Transactions_TMP for OKBS5ETK
2025-01-02T03:57:40.171Z info: Transactions for 2025-01-02: 2 transactions
2025-01-02T03:58:37.245Z info: Checking transactions for 2025-01-02
2025-01-02T03:58:37.250Z info: Fetching transactions for date: 2025-01-02
2025-01-02T03:58:39.655Z info: Fetched transactions for 2025-01-02: undefined transactions
2025-01-02T03:58:39.655Z info: Holiday check for 2025-01-02: Sri Lanka holiday = false, Maldives holiday = false
2025-01-02T03:58:39.656Z info: No system holiday on 2025-01-02
2025-01-02T03:58:39.722Z info: Holiday check for 2025-01-01: Sri Lanka holiday = false, Maldives holiday = false
2025-01-02T03:58:39.722Z info: No system holiday on 2025-01-01
2025-01-02T03:58:39.745Z info: Inserted transaction into Transactions_TMP for 9R9NNIME
2025-01-02T03:58:39.766Z info: Holiday check for 2025-01-01: Sri Lanka holiday = false, Maldives holiday = false
2025-01-02T03:58:39.766Z info: No system holiday on 2025-01-01
2025-01-02T03:58:39.788Z info: Inserted transaction into Transactions_TMP for 012P2BRS
2025-01-02T03:58:39.792Z info: Transactions for 2025-01-02: 2 transactions
2025-01-02T03:59:37.257Z info: Checking transactions for 2025-01-02
2025-01-02T03:59:37.262Z info: Fetching transactions for date: 2025-01-02
2025-01-02T03:59:39.982Z info: Fetched transactions for 2025-01-02: undefined transactions
2025-01-02T03:59:39.983Z info: Holiday check for 2025-01-02: Sri Lanka holiday = false, Maldives holiday = false
2025-01-02T03:59:39.983Z info: No system holiday on 2025-01-02
2025-01-02T03:59:40.116Z info: Holiday check for 2025-01-01: Sri Lanka holiday = false, Maldives holiday = false
2025-01-02T03:59:40.117Z info: No system holiday on 2025-01-01
2025-01-02T03:59:40.151Z info: Inserted transaction into Transactions_TMP for J5VOGC4W
2025-01-02T03:59:40.184Z info: Holiday check for 2025-01-01: Sri Lanka holiday = false, Maldives holiday = false
2025-01-02T03:59:40.184Z info: No system holiday on 2025-01-01
2025-01-02T03:59:40.222Z info: Inserted transaction into Transactions_TMP for TCYO4KA8
2025-01-02T03:59:40.229Z info: Transactions for 2025-01-02: 2 transactions
2025-01-02T04:00:37.262Z info: Checking transactions for 2025-01-02
2025-01-02T04:00:37.264Z info: Fetching transactions for date: 2025-01-02
2025-01-02T04:00:39.802Z info: Fetched transactions for 2025-01-02: undefined transactions
2025-01-02T04:00:39.802Z info: Holiday check for 2025-01-02: Sri Lanka holiday = false, Maldives holiday = false
2025-01-02T04:00:39.802Z info: No system holiday on 2025-01-02
2025-01-02T04:00:39.947Z info: Holiday check for 2025-01-01: Sri Lanka holiday = false, Maldives holiday = false
2025-01-02T04:00:39.948Z info: No system holiday on 2025-01-01
2025-01-02T04:00:39.996Z info: Inserted transaction into Transactions_TMP for S7M0CYY0
2025-01-02T04:00:40.057Z info: Holiday check for 2025-01-01: Sri Lanka holiday = false, Maldives holiday = false
2025-01-02T04:00:40.058Z info: No system holiday on 2025-01-01
2025-01-02T04:00:40.127Z info: Inserted transaction into Transactions_TMP for EDKMF8XU
2025-01-02T04:00:40.130Z info: Transactions for 2025-01-02: 2 transactions
2025-01-02T04:01:37.271Z info: Checking transactions for 2025-01-02
2025-01-02T04:01:37.273Z info: Fetching transactions for date: 2025-01-02
2025-01-02T04:01:39.529Z info: Fetched transactions for 2025-01-02: undefined transactions
2025-01-02T04:01:39.531Z info: Holiday check for 2025-01-02: Sri Lanka holiday = false, Maldives holiday = false
2025-01-02T04:01:39.531Z info: No system holiday on 2025-01-02
2025-01-02T04:01:39.643Z info: Holiday check for 2025-01-01: Sri Lanka holiday = false, Maldives holiday = false
2025-01-02T04:01:39.643Z info: No system holiday on 2025-01-01
2025-01-02T04:01:39.663Z info: Inserted transaction into Transactions_TMP for RPL7Q3QG
2025-01-02T04:01:39.680Z info: Holiday check for 2025-01-01: Sri Lanka holiday = false, Maldives holiday = false
2025-01-02T04:01:39.681Z info: No system holiday on 2025-01-01
2025-01-02T04:01:39.704Z info: Inserted transaction into Transactions_TMP for 9LZMI10L
2025-01-02T04:01:39.708Z info: Transactions for 2025-01-02: 2 transactions
2025-01-02T04:02:37.280Z info: Checking transactions for 2025-01-02
2025-01-02T04:02:37.283Z info: Fetching transactions for date: 2025-01-02
2025-01-02T04:02:39.857Z info: Fetched transactions for 2025-01-02: undefined transactions
2025-01-02T04:02:39.858Z info: Holiday check for 2025-01-02: Sri Lanka holiday = false, Maldives holiday = false
2025-01-02T04:02:39.859Z info: No system holiday on 2025-01-02
2025-01-02T04:02:39.930Z info: Holiday check for 2025-01-01: Sri Lanka holiday = false, Maldives holiday = false
2025-01-02T04:02:39.931Z info: No system holiday on 2025-01-01
2025-01-02T04:02:39.963Z info: Inserted transaction into Transactions_TMP for N05JTXLF
2025-01-02T04:02:39.987Z info: Holiday check for 2025-01-01: Sri Lanka holiday = false, Maldives holiday = false
2025-01-02T04:02:39.988Z info: No system holiday on 2025-01-01
2025-01-02T04:02:40.030Z info: Inserted transaction into Transactions_TMP for HXNUQT8D
2025-01-02T04:02:40.034Z info: Transactions for 2025-01-02: 2 transactions
2025-01-02T04:03:37.282Z info: Checking transactions for 2025-01-02
2025-01-02T04:03:37.287Z info: Fetching transactions for date: 2025-01-02
2025-01-02T04:03:39.623Z info: Fetched transactions for 2025-01-02: undefined transactions
2025-01-02T04:03:39.624Z info: Holiday check for 2025-01-02: Sri Lanka holiday = false, Maldives holiday = false
2025-01-02T04:03:39.625Z info: No system holiday on 2025-01-02
2025-01-02T04:03:39.681Z info: Holiday check for 2025-01-01: Sri Lanka holiday = false, Maldives holiday = false
2025-01-02T04:03:39.682Z info: No system holiday on 2025-01-01
2025-01-02T04:03:39.705Z info: Inserted transaction into Transactions_TMP for W1UUT3QV
2025-01-02T04:03:39.722Z info: Holiday check for 2025-01-01: Sri Lanka holiday = false, Maldives holiday = false
2025-01-02T04:03:39.722Z info: No system holiday on 2025-01-01
2025-01-02T04:03:39.745Z info: Inserted transaction into Transactions_TMP for OL2USEHO
2025-01-02T04:03:39.748Z info: Transactions for 2025-01-02: 2 transactions
2025-01-02T04:04:37.289Z info: Checking transactions for 2025-01-02
2025-01-02T04:04:37.291Z info: Fetching transactions for date: 2025-01-02
2025-01-02T04:04:39.771Z info: Fetched transactions for 2025-01-02: undefined transactions
2025-01-02T04:04:39.771Z info: Holiday check for 2025-01-02: Sri Lanka holiday = false, Maldives holiday = false
2025-01-02T04:04:39.772Z info: No system holiday on 2025-01-02
2025-01-02T04:04:39.826Z info: Holiday check for 2025-01-01: Sri Lanka holiday = false, Maldives holiday = false
2025-01-02T04:04:39.827Z info: No system holiday on 2025-01-01
2025-01-02T04:04:39.848Z info: Inserted transaction into Transactions_TMP for W26WHIN6
2025-01-02T04:04:39.863Z info: Holiday check for 2025-01-01: Sri Lanka holiday = false, Maldives holiday = false
2025-01-02T04:04:39.864Z info: No system holiday on 2025-01-01
2025-01-02T04:04:39.887Z info: Inserted transaction into Transactions_TMP for C3RWB60T
2025-01-02T04:04:39.891Z info: Transactions for 2025-01-02: 2 transactions
2025-01-02T04:05:37.295Z info: Checking transactions for 2025-01-02
2025-01-02T04:05:37.298Z info: Fetching transactions for date: 2025-01-02
2025-01-02T04:05:40.034Z info: Fetched transactions for 2025-01-02: undefined transactions
2025-01-02T04:05:40.035Z info: Holiday check for 2025-01-02: Sri Lanka holiday = false, Maldives holiday = false
2025-01-02T04:05:40.035Z info: No system holiday on 2025-01-02
2025-01-02T04:05:40.110Z info: Holiday check for 2025-01-01: Sri Lanka holiday = false, Maldives holiday = false
2025-01-02T04:05:40.111Z info: No system holiday on 2025-01-01
2025-01-02T04:05:40.137Z info: Inserted transaction into Transactions_TMP for GXN1W32N
2025-01-02T04:05:40.162Z info: Holiday check for 2025-01-01: Sri Lanka holiday = false, Maldives holiday = false
2025-01-02T04:05:40.163Z info: No system holiday on 2025-01-01
2025-01-02T04:05:40.202Z info: Inserted transaction into Transactions_TMP for IIWF1KS2
2025-01-02T04:05:40.205Z info: Transactions for 2025-01-02: 2 transactions
2025-01-02T04:06:37.301Z info: Checking transactions for 2025-01-02
2025-01-02T04:06:37.308Z info: Fetching transactions for date: 2025-01-02
2025-01-02T04:06:39.922Z info: Fetched transactions for 2025-01-02: undefined transactions
2025-01-02T04:06:39.922Z info: Holiday check for 2025-01-02: Sri Lanka holiday = false, Maldives holiday = false
2025-01-02T04:06:39.923Z info: No system holiday on 2025-01-02
2025-01-02T04:06:39.982Z info: Holiday check for 2025-01-01: Sri Lanka holiday = false, Maldives holiday = false
2025-01-02T04:06:39.983Z info: No system holiday on 2025-01-01
2025-01-02T04:06:40.009Z info: Inserted transaction into Transactions_TMP for 6NWTAHLB
2025-01-02T04:06:40.032Z info: Holiday check for 2025-01-01: Sri Lanka holiday = false, Maldives holiday = false
2025-01-02T04:06:40.032Z info: No system holiday on 2025-01-01
2025-01-02T04:06:40.054Z info: Inserted transaction into Transactions_TMP for H4MCGTB4
2025-01-02T04:06:40.057Z info: Transactions for 2025-01-02: 2 transactions
2025-01-02T04:07:37.308Z info: Checking transactions for 2025-01-02
2025-01-02T04:07:37.313Z info: Fetching transactions for date: 2025-01-02
2025-01-02T04:07:39.863Z info: Fetched transactions for 2025-01-02: undefined transactions
2025-01-02T04:07:39.864Z info: Holiday check for 2025-01-02: Sri Lanka holiday = false, Maldives holiday = false
2025-01-02T04:07:39.864Z info: No system holiday on 2025-01-02
2025-01-02T04:07:39.954Z info: Holiday check for 2025-01-01: Sri Lanka holiday = false, Maldives holiday = false
2025-01-02T04:07:39.954Z info: No system holiday on 2025-01-01
2025-01-02T04:07:39.975Z info: Inserted transaction into Transactions_TMP for LQRSJ0DH
2025-01-02T04:07:39.998Z info: Holiday check for 2025-01-01: Sri Lanka holiday = false, Maldives holiday = false
2025-01-02T04:07:39.998Z info: No system holiday on 2025-01-01
2025-01-02T04:07:40.025Z info: Inserted transaction into Transactions_TMP for SAMYRWK8
2025-01-02T04:07:40.029Z info: Transactions for 2025-01-02: 2 transactions
2025-01-02T04:08:37.319Z info: Checking transactions for 2025-01-02
2025-01-02T04:08:37.324Z info: Fetching transactions for date: 2025-01-02
2025-01-02T04:08:41.250Z info: Fetched transactions for 2025-01-02: undefined transactions
2025-01-02T04:08:41.251Z info: Holiday check for 2025-01-02: Sri Lanka holiday = false, Maldives holiday = false
2025-01-02T04:08:41.252Z info: No system holiday on 2025-01-02
2025-01-02T04:08:41.337Z info: Holiday check for 2025-01-01: Sri Lanka holiday = false, Maldives holiday = false
2025-01-02T04:08:41.337Z info: No system holiday on 2025-01-01
2025-01-02T04:08:41.365Z info: Inserted transaction into Transactions_TMP for Y6F4V27V
2025-01-02T04:08:41.386Z info: Holiday check for 2025-01-01: Sri Lanka holiday = false, Maldives holiday = false
2025-01-02T04:08:41.386Z info: No system holiday on 2025-01-01
2025-01-02T04:08:41.416Z info: Inserted transaction into Transactions_TMP for J2AU8GWY
2025-01-02T04:08:41.420Z info: Transactions for 2025-01-02: 2 transactions
2025-01-02T04:09:37.327Z info: Checking transactions for 2025-01-02
2025-01-02T04:09:37.330Z info: Fetching transactions for date: 2025-01-02
2025-01-02T04:09:39.986Z info: Fetched transactions for 2025-01-02: undefined transactions
2025-01-02T04:09:39.987Z info: Holiday check for 2025-01-02: Sri Lanka holiday = false, Maldives holiday = false
2025-01-02T04:09:39.988Z info: No system holiday on 2025-01-02
2025-01-02T04:09:40.232Z info: Holiday check for 2025-01-01: Sri Lanka holiday = false, Maldives holiday = false
2025-01-02T04:09:40.233Z info: No system holiday on 2025-01-01
2025-01-02T04:09:40.315Z info: Inserted transaction into Transactions_TMP for 8N65LOUE
2025-01-02T04:09:40.388Z info: Holiday check for 2025-01-01: Sri Lanka holiday = false, Maldives holiday = false
2025-01-02T04:09:40.388Z info: No system holiday on 2025-01-01
2025-01-02T04:09:40.458Z info: Inserted transaction into Transactions_TMP for 2WOG3JIP
2025-01-02T04:09:40.466Z info: Transactions for 2025-01-02: 2 transactions
2025-01-02T04:10:37.335Z info: Checking transactions for 2025-01-02
2025-01-02T04:10:37.338Z info: Fetching transactions for date: 2025-01-02
2025-01-02T04:10:39.688Z info: Fetched transactions for 2025-01-02: undefined transactions
2025-01-02T04:10:39.689Z info: Holiday check for 2025-01-02: Sri Lanka holiday = false, Maldives holiday = false
2025-01-02T04:10:39.689Z info: No system holiday on 2025-01-02
2025-01-02T04:10:39.875Z info: Holiday check for 2025-01-01: Sri Lanka holiday = false, Maldives holiday = false
2025-01-02T04:10:39.876Z info: No system holiday on 2025-01-01
2025-01-02T04:10:39.957Z info: Inserted transaction into Transactions_TMP for 2G5K2GWJ
2025-01-02T04:10:40.040Z info: Holiday check for 2025-01-01: Sri Lanka holiday = false, Maldives holiday = false
2025-01-02T04:10:40.041Z info: No system holiday on 2025-01-01
2025-01-02T04:10:40.121Z info: Inserted transaction into Transactions_TMP for HWSUM0YQ
2025-01-02T04:10:40.124Z info: Transactions for 2025-01-02: 2 transactions
2025-01-02T04:11:37.336Z info: Checking transactions for 2025-01-02
2025-01-02T04:11:37.342Z info: Fetching transactions for date: 2025-01-02
2025-01-02T04:11:39.762Z info: Fetched transactions for 2025-01-02: undefined transactions
2025-01-02T04:11:39.762Z info: Holiday check for 2025-01-02: Sri Lanka holiday = false, Maldives holiday = false
2025-01-02T04:11:39.762Z info: No system holiday on 2025-01-02
2025-01-02T04:11:39.822Z info: Holiday check for 2025-01-01: Sri Lanka holiday = false, Maldives holiday = false
2025-01-02T04:11:39.823Z info: No system holiday on 2025-01-01
2025-01-02T04:11:39.857Z info: Inserted transaction into Transactions_TMP for TC3YTWEB
2025-01-02T04:11:39.888Z info: Holiday check for 2025-01-01: Sri Lanka holiday = false, Maldives holiday = false
2025-01-02T04:11:39.889Z info: No system holiday on 2025-01-01
2025-01-02T04:11:39.933Z info: Inserted transaction into Transactions_TMP for E5BRUPPD
2025-01-02T04:11:39.936Z info: Transactions for 2025-01-02: 2 transactions
