2025-03-28 11:36:51 [INFO]: Server running on http://localhost:3020
2025-03-28 11:37:51 [INFO]: Checking transactions for 2025-03-28
2025-03-28 11:37:51 [INFO]: Fetching transactions for date: 2025-03-28
2025-03-28 11:37:52 [INFO]: New day detected, fetching holiday data...
2025-03-28 11:37:52 [INFO]: Fetched holidays for LK on 2025-03-28
2025-03-28 11:37:53 [INFO]: Fetched holidays for MV on 2025-03-28
2025-03-28 11:38:51 [INFO]: Checking transactions for 2025-03-28
2025-03-28 11:38:51 [INFO]: Fetching transactions for date: 2025-03-28
2025-03-28 11:39:51 [INFO]: Checking transactions for 2025-03-28
2025-03-28 11:39:51 [INFO]: Fetching transactions for date: 2025-03-28
2025-03-28 11:40:51 [INFO]: Checking transactions for 2025-03-28
2025-03-28 11:40:51 [INFO]: Fetching transactions for date: 2025-03-28
2025-03-28 11:41:51 [INFO]: Checking transactions for 2025-03-28
2025-03-28 11:41:51 [INFO]: Fetching transactions for date: 2025-03-28
2025-03-28 11:42:51 [INFO]: Checking transactions for 2025-03-28
2025-03-28 11:42:51 [INFO]: Fetching transactions for date: 2025-03-28
2025-03-28 11:43:51 [INFO]: Checking transactions for 2025-03-28
2025-03-28 11:43:51 [INFO]: Fetching transactions for date: 2025-03-28
2025-03-28 11:44:51 [INFO]: Checking transactions for 2025-03-28
2025-03-28 11:44:51 [INFO]: Fetching transactions for date: 2025-03-28
2025-03-28 11:45:51 [INFO]: Checking transactions for 2025-03-28
2025-03-28 11:45:51 [INFO]: Fetching transactions for date: 2025-03-28
2025-03-28 11:46:51 [INFO]: Checking transactions for 2025-03-28
2025-03-28 11:46:51 [INFO]: Fetching transactions for date: 2025-03-28
2025-03-28 11:47:51 [INFO]: Checking transactions for 2025-03-28
2025-03-28 11:47:51 [INFO]: Fetching transactions for date: 2025-03-28
2025-03-28 11:48:51 [INFO]: Checking transactions for 2025-03-28
2025-03-28 11:48:51 [INFO]: Fetching transactions for date: 2025-03-28
2025-03-28 12:27:19 [INFO]: Server running on http://localhost:3020
2025-03-28 12:28:19 [INFO]: Checking transactions for 2025-03-28
2025-03-28 12:28:19 [INFO]: Fetching transactions for date: 2025-03-28
2025-03-28 12:28:20 [INFO]: New day detected, fetching holiday data...
2025-03-28 12:28:21 [INFO]: Fetched holidays for LK on 2025-03-28
2025-03-28 12:28:21 [INFO]: Fetched holidays for MV on 2025-03-28
2025-03-28 12:29:19 [INFO]: Checking transactions for 2025-03-28
2025-03-28 12:29:19 [INFO]: Fetching transactions for date: 2025-03-28
2025-03-28 12:31:20 [INFO]: Server running on http://localhost:3020
2025-03-28 12:32:20 [INFO]: Checking transactions for 2025-03-28
2025-03-28 12:32:20 [INFO]: Fetching transactions for date: 2025-03-28
2025-03-28 12:32:20 [INFO]: New day detected, fetching holiday data...
2025-03-28 12:32:20 [INFO]: Fetched holidays for LK on 2025-03-28
2025-03-28 12:32:21 [INFO]: Fetched holidays for MV on 2025-03-28
2025-03-28 12:33:20 [INFO]: Checking transactions for 2025-03-28
2025-03-28 12:33:20 [INFO]: Fetching transactions for date: 2025-03-28
2025-03-28 12:34:20 [INFO]: Checking transactions for 2025-03-28
2025-03-28 12:34:20 [INFO]: Fetching transactions for date: 2025-03-28
2025-03-28 12:35:20 [INFO]: Checking transactions for 2025-03-28
2025-03-28 12:35:20 [INFO]: Fetching transactions for date: 2025-03-28
2025-03-28 12:36:20 [INFO]: Checking transactions for 2025-03-28
2025-03-28 12:36:20 [INFO]: Fetching transactions for date: 2025-03-28
2025-03-28 12:37:20 [INFO]: Checking transactions for 2025-03-28
2025-03-28 12:37:20 [INFO]: Fetching transactions for date: 2025-03-28
2025-03-28 12:38:20 [INFO]: Checking transactions for 2025-03-28
2025-03-28 12:38:20 [INFO]: Fetching transactions for date: 2025-03-28
2025-03-28 12:39:20 [INFO]: Checking transactions for 2025-03-28
2025-03-28 12:39:20 [INFO]: Fetching transactions for date: 2025-03-28
2025-03-28 12:39:41 [INFO]: Server running on http://localhost:3020
2025-03-28 12:40:22 [INFO]: Server running on http://localhost:3020
2025-03-28 12:41:22 [INFO]: Checking transactions for 2025-03-28
2025-03-28 12:41:22 [INFO]: Fetching transactions for date: 2025-03-28
2025-03-28 12:41:23 [INFO]: New day detected, fetching holiday data...
2025-03-28 12:41:24 [INFO]: Fetched holidays for LK on 2025-03-28
2025-03-28 12:41:24 [INFO]: Fetched holidays for MV on 2025-03-28
2025-03-28 12:42:22 [INFO]: Checking transactions for 2025-03-28
2025-03-28 12:42:22 [INFO]: Fetching transactions for date: 2025-03-28
2025-03-28 12:43:22 [INFO]: Checking transactions for 2025-03-28
2025-03-28 12:43:22 [INFO]: Fetching transactions for date: 2025-03-28
2025-03-28 12:44:22 [INFO]: Checking transactions for 2025-03-28
2025-03-28 12:44:22 [INFO]: Fetching transactions for date: 2025-03-28
2025-03-28 12:45:22 [INFO]: Checking transactions for 2025-03-28
2025-03-28 12:45:22 [INFO]: Fetching transactions for date: 2025-03-28
2025-03-28 12:46:22 [INFO]: Checking transactions for 2025-03-28
2025-03-28 12:46:22 [INFO]: Fetching transactions for date: 2025-03-28
2025-03-28 12:47:22 [INFO]: Checking transactions for 2025-03-28
2025-03-28 12:47:22 [INFO]: Fetching transactions for date: 2025-03-28
2025-03-28 12:48:22 [INFO]: Checking transactions for 2025-03-28
2025-03-28 12:48:22 [INFO]: Fetching transactions for date: 2025-03-28
2025-03-28 12:49:22 [INFO]: Checking transactions for 2025-03-28
2025-03-28 12:49:22 [INFO]: Fetching transactions for date: 2025-03-28
2025-03-28 12:50:22 [INFO]: Checking transactions for 2025-03-28
2025-03-28 12:50:22 [INFO]: Fetching transactions for date: 2025-03-28
2025-03-28 12:51:22 [INFO]: Checking transactions for 2025-03-28
2025-03-28 12:51:22 [INFO]: Fetching transactions for date: 2025-03-28
2025-03-28 12:52:22 [INFO]: Checking transactions for 2025-03-28
2025-03-28 12:52:22 [INFO]: Fetching transactions for date: 2025-03-28
2025-03-28 12:53:22 [INFO]: Checking transactions for 2025-03-28
2025-03-28 12:53:22 [INFO]: Fetching transactions for date: 2025-03-28
2025-03-28 12:54:22 [INFO]: Checking transactions for 2025-03-28
2025-03-28 12:54:22 [INFO]: Fetching transactions for date: 2025-03-28
2025-03-28 12:55:22 [INFO]: Checking transactions for 2025-03-28
2025-03-28 12:55:22 [INFO]: Fetching transactions for date: 2025-03-28
2025-03-28 12:56:22 [INFO]: Checking transactions for 2025-03-28
2025-03-28 12:56:22 [INFO]: Fetching transactions for date: 2025-03-28
2025-03-28 12:57:22 [INFO]: Checking transactions for 2025-03-28
2025-03-28 12:57:22 [INFO]: Fetching transactions for date: 2025-03-28
2025-03-28 12:58:22 [INFO]: Checking transactions for 2025-03-28
2025-03-28 12:58:22 [INFO]: Fetching transactions for date: 2025-03-28
2025-03-28 12:59:22 [INFO]: Checking transactions for 2025-03-28
2025-03-28 12:59:22 [INFO]: Fetching transactions for date: 2025-03-28
2025-03-28 13:00:22 [INFO]: Checking transactions for 2025-03-28
2025-03-28 13:00:22 [INFO]: Fetching transactions for date: 2025-03-28
2025-03-28 13:01:22 [INFO]: Checking transactions for 2025-03-28
2025-03-28 13:01:22 [INFO]: Fetching transactions for date: 2025-03-28
2025-03-28 13:02:22 [INFO]: Checking transactions for 2025-03-28
2025-03-28 13:02:22 [INFO]: Fetching transactions for date: 2025-03-28
2025-03-28 13:03:22 [INFO]: Checking transactions for 2025-03-28
2025-03-28 13:03:22 [INFO]: Fetching transactions for date: 2025-03-28
2025-03-28 13:04:22 [INFO]: Checking transactions for 2025-03-28
2025-03-28 13:04:22 [INFO]: Fetching transactions for date: 2025-03-28
2025-03-28 13:05:22 [INFO]: Checking transactions for 2025-03-28
2025-03-28 13:05:22 [INFO]: Fetching transactions for date: 2025-03-28
2025-03-28 13:06:22 [INFO]: Checking transactions for 2025-03-28
2025-03-28 13:06:22 [INFO]: Fetching transactions for date: 2025-03-28
2025-03-28 13:07:22 [INFO]: Checking transactions for 2025-03-28
2025-03-28 13:07:22 [INFO]: Fetching transactions for date: 2025-03-28
2025-03-28 13:08:22 [INFO]: Checking transactions for 2025-03-28
2025-03-28 13:08:22 [INFO]: Fetching transactions for date: 2025-03-28
2025-03-28 13:09:22 [INFO]: Checking transactions for 2025-03-28
2025-03-28 13:09:22 [INFO]: Fetching transactions for date: 2025-03-28
2025-03-28 13:10:05 [INFO]: Server running on http://localhost:3020
2025-03-28 13:11:05 [INFO]: Checking transactions for 2025-03-28
2025-03-28 13:11:05 [INFO]: Fetching transactions for date: 2025-03-28
2025-03-28 13:11:05 [INFO]: New day detected, fetching holiday data...
2025-03-28 13:11:06 [INFO]: Fetched holidays for LK on 2025-03-28
2025-03-28 13:11:06 [INFO]: Fetched holidays for MV on 2025-03-28
2025-03-28 13:11:29 [INFO]: Server running on http://localhost:3020
2025-03-28 13:12:30 [INFO]: Checking transactions for 2025-03-28
2025-03-28 13:12:30 [INFO]: Fetching transactions for date: 2025-03-28
2025-03-28 13:12:30 [INFO]: New day detected, fetching holiday data...
2025-03-28 13:12:31 [INFO]: Fetched holidays for LK on 2025-03-28
2025-03-28 13:12:31 [INFO]: Fetched holidays for MV on 2025-03-28
2025-03-28 13:13:30 [INFO]: Checking transactions for 2025-03-28
2025-03-28 13:13:30 [INFO]: Fetching transactions for date: 2025-03-28
2025-03-28 13:14:30 [INFO]: Checking transactions for 2025-03-28
2025-03-28 13:14:30 [INFO]: Fetching transactions for date: 2025-03-28
2025-03-28 13:15:30 [INFO]: Checking transactions for 2025-03-28
2025-03-28 13:15:30 [INFO]: Fetching transactions for date: 2025-03-28
2025-03-28 13:16:30 [INFO]: Checking transactions for 2025-03-28
2025-03-28 13:16:30 [INFO]: Fetching transactions for date: 2025-03-28
2025-03-28 13:17:30 [INFO]: Checking transactions for 2025-03-28
2025-03-28 13:17:30 [INFO]: Fetching transactions for date: 2025-03-28
2025-03-28 13:18:30 [INFO]: Checking transactions for 2025-03-28
2025-03-28 13:18:30 [INFO]: Fetching transactions for date: 2025-03-28
2025-03-28 13:19:30 [INFO]: Checking transactions for 2025-03-28
2025-03-28 13:19:30 [INFO]: Fetching transactions for date: 2025-03-28
2025-03-28 13:20:30 [INFO]: Checking transactions for 2025-03-28
2025-03-28 13:20:30 [INFO]: Fetching transactions for date: 2025-03-28
2025-03-28 13:21:30 [INFO]: Checking transactions for 2025-03-28
2025-03-28 13:21:30 [INFO]: Fetching transactions for date: 2025-03-28
2025-03-28 13:36:35 [INFO]: Checking transactions for 2025-03-28
2025-03-28 13:36:35 [INFO]: Fetching transactions for date: 2025-03-28
2025-03-28 13:37:35 [INFO]: Checking transactions for 2025-03-28
2025-03-28 13:37:35 [INFO]: Fetching transactions for date: 2025-03-28
2025-03-28 13:38:35 [INFO]: Checking transactions for 2025-03-28
2025-03-28 13:38:35 [INFO]: Fetching transactions for date: 2025-03-28
2025-03-28 13:39:35 [INFO]: Checking transactions for 2025-03-28
2025-03-28 13:39:35 [INFO]: Fetching transactions for date: 2025-03-28
2025-03-28 13:40:35 [INFO]: Checking transactions for 2025-03-28
2025-03-28 13:40:35 [INFO]: Fetching transactions for date: 2025-03-28
2025-03-28 13:41:35 [INFO]: Checking transactions for 2025-03-28
2025-03-28 13:41:35 [INFO]: Fetching transactions for date: 2025-03-28
2025-03-28 13:42:35 [INFO]: Checking transactions for 2025-03-28
2025-03-28 13:42:35 [INFO]: Fetching transactions for date: 2025-03-28
2025-03-28 13:43:35 [INFO]: Checking transactions for 2025-03-28
2025-03-28 13:43:35 [INFO]: Fetching transactions for date: 2025-03-28
2025-03-28 13:44:35 [INFO]: Checking transactions for 2025-03-28
2025-03-28 13:44:35 [INFO]: Fetching transactions for date: 2025-03-28
2025-03-28 14:13:28 [INFO]: Server running on http://localhost:3020
2025-03-28 14:14:28 [INFO]: Checking transactions for 2025-03-28
2025-03-28 14:14:28 [INFO]: Fetching transactions for date: 2025-03-28
2025-03-28 14:14:29 [INFO]: New day detected, fetching holiday data...
2025-03-28 14:14:29 [INFO]: Fetched holidays for LK on 2025-03-28
2025-03-28 14:14:29 [INFO]: Fetched holidays for MV on 2025-03-28
2025-03-28 14:15:28 [INFO]: Checking transactions for 2025-03-28
2025-03-28 14:15:28 [INFO]: Fetching transactions for date: 2025-03-28
2025-03-28 14:16:28 [INFO]: Checking transactions for 2025-03-28
2025-03-28 14:16:28 [INFO]: Fetching transactions for date: 2025-03-28
2025-03-28 14:17:28 [INFO]: Checking transactions for 2025-03-28
2025-03-28 14:17:28 [INFO]: Fetching transactions for date: 2025-03-28
2025-03-28 14:18:28 [INFO]: Checking transactions for 2025-03-28
2025-03-28 14:18:28 [INFO]: Fetching transactions for date: 2025-03-28
2025-03-28 14:19:28 [INFO]: Checking transactions for 2025-03-28
2025-03-28 14:19:28 [INFO]: Fetching transactions for date: 2025-03-28
2025-03-28 14:20:28 [INFO]: Checking transactions for 2025-03-28
2025-03-28 14:20:28 [INFO]: Fetching transactions for date: 2025-03-28
2025-03-28 14:21:28 [INFO]: Checking transactions for 2025-03-28
2025-03-28 14:21:28 [INFO]: Fetching transactions for date: 2025-03-28
2025-03-28 14:22:28 [INFO]: Checking transactions for 2025-03-28
2025-03-28 14:22:28 [INFO]: Fetching transactions for date: 2025-03-28
2025-03-28 14:23:28 [INFO]: Checking transactions for 2025-03-28
2025-03-28 14:23:28 [INFO]: Fetching transactions for date: 2025-03-28
2025-03-28 14:24:28 [INFO]: Checking transactions for 2025-03-28
2025-03-28 14:24:28 [INFO]: Fetching transactions for date: 2025-03-28
2025-03-28 14:25:28 [INFO]: Checking transactions for 2025-03-28
2025-03-28 14:25:28 [INFO]: Fetching transactions for date: 2025-03-28
2025-03-28 14:26:28 [INFO]: Checking transactions for 2025-03-28
2025-03-28 14:26:28 [INFO]: Fetching transactions for date: 2025-03-28
2025-03-28 14:27:28 [INFO]: Checking transactions for 2025-03-28
2025-03-28 14:27:28 [INFO]: Fetching transactions for date: 2025-03-28
2025-03-28 14:28:28 [INFO]: Checking transactions for 2025-03-28
2025-03-28 14:28:28 [INFO]: Fetching transactions for date: 2025-03-28
2025-03-28 14:29:28 [INFO]: Checking transactions for 2025-03-28
2025-03-28 14:29:28 [INFO]: Fetching transactions for date: 2025-03-28
2025-03-28 14:30:28 [INFO]: Checking transactions for 2025-03-28
2025-03-28 14:30:28 [INFO]: Fetching transactions for date: 2025-03-28
2025-03-28 14:31:28 [INFO]: Checking transactions for 2025-03-28
2025-03-28 14:31:28 [INFO]: Fetching transactions for date: 2025-03-28
2025-03-28 14:32:28 [INFO]: Checking transactions for 2025-03-28
2025-03-28 14:32:28 [INFO]: Fetching transactions for date: 2025-03-28
2025-03-28 14:33:28 [INFO]: Checking transactions for 2025-03-28
2025-03-28 14:33:28 [INFO]: Fetching transactions for date: 2025-03-28
2025-03-28 14:34:28 [INFO]: Checking transactions for 2025-03-28
2025-03-28 14:34:28 [INFO]: Fetching transactions for date: 2025-03-28
2025-03-28 14:35:28 [INFO]: Checking transactions for 2025-03-28
2025-03-28 14:35:28 [INFO]: Fetching transactions for date: 2025-03-28
2025-03-28 14:36:28 [INFO]: Checking transactions for 2025-03-28
2025-03-28 14:36:28 [INFO]: Fetching transactions for date: 2025-03-28
2025-03-28 14:37:28 [INFO]: Checking transactions for 2025-03-28
2025-03-28 14:37:28 [INFO]: Fetching transactions for date: 2025-03-28
2025-03-28 14:38:28 [INFO]: Checking transactions for 2025-03-28
2025-03-28 14:38:28 [INFO]: Fetching transactions for date: 2025-03-28
2025-03-28 14:39:28 [INFO]: Checking transactions for 2025-03-28
2025-03-28 14:39:28 [INFO]: Fetching transactions for date: 2025-03-28
2025-03-28 14:40:28 [INFO]: Checking transactions for 2025-03-28
2025-03-28 14:40:28 [INFO]: Fetching transactions for date: 2025-03-28
2025-03-28 14:41:28 [INFO]: Checking transactions for 2025-03-28
2025-03-28 14:41:28 [INFO]: Fetching transactions for date: 2025-03-28
2025-03-28 14:42:28 [INFO]: Checking transactions for 2025-03-28
2025-03-28 14:42:28 [INFO]: Fetching transactions for date: 2025-03-28
2025-03-28 14:43:28 [INFO]: Checking transactions for 2025-03-28
2025-03-28 14:43:28 [INFO]: Fetching transactions for date: 2025-03-28
2025-03-28 14:44:28 [INFO]: Checking transactions for 2025-03-28
2025-03-28 14:44:28 [INFO]: Fetching transactions for date: 2025-03-28
2025-03-28 14:45:28 [INFO]: Checking transactions for 2025-03-28
2025-03-28 14:45:28 [INFO]: Fetching transactions for date: 2025-03-28
2025-03-28 14:46:28 [INFO]: Checking transactions for 2025-03-28
2025-03-28 14:46:28 [INFO]: Fetching transactions for date: 2025-03-28
2025-03-28 14:47:28 [INFO]: Checking transactions for 2025-03-28
2025-03-28 14:47:28 [INFO]: Fetching transactions for date: 2025-03-28
2025-03-28 14:48:28 [INFO]: Checking transactions for 2025-03-28
2025-03-28 14:48:28 [INFO]: Fetching transactions for date: 2025-03-28
